
---
## 改進記錄 [2026-03-12T15:38:43.550016]
- 類型: fix_error
- 目標: /Users/charlie/.openclaw/workspace/memory/2026-03-11.md
- 變更: 添加錯誤處理邏輯
- 原因: 發現錯誤模式：錯誤
- 優先級: high
- 狀態: pending

---
## 改進記錄 [2026-03-12T17:15:33.540827]
- 類型: fix_error
- 目標: /Users/charlie/.openclaw/workspace/memory/2026-03-12.md
- 變更: 添加錯誤處理邏輯
- 原因: 發現錯誤模式：錯誤
- 優先級: high
- 狀態: pending_agent

---
## 改進記錄 [2026-03-12T22:33:26.728399]
- 類型: fix_error
- 目標: /Users/charlie/.openclaw/workspace/memory/2026-03-12.md
- 變更: 添加錯誤處理邏輯
- 原因: 發現錯誤模式：錯誤
- 優先級: high
- 狀態: pending_agent

---
## 改進記錄 [2026-03-14T02:00:01.102779]
- 類型: fix_error
- 目標: /Users/charlie/.openclaw/workspace/memory/2026-03-14.md
- 變更: 添加錯誤處理邏輯
- 原因: 發現錯誤模式：錯誤
- 優先級: high
- 狀態: pending_agent
