2026-02-18 17:17:21,599 - INFO - 🚀 開始執行強化數據收集系統
2026-02-18 17:17:21,600 - INFO - 檢查點更新：setup_directories - running
2026-02-18 17:17:21,600 - INFO - 目錄確認：/Users/charlie/.openclaw/workspace/quant/data/raw
2026-02-18 17:17:21,600 - INFO - 目錄確認：/Users/charlie/.openclaw/workspace/quant/data/processed
2026-02-18 17:17:21,600 - INFO - 目錄確認：/Users/charlie/.openclaw/workspace/quant/data/cache
2026-02-18 17:17:21,600 - INFO - 目錄確認：/Users/charlie/.openclaw/workspace/quant/data/metadata
2026-02-18 17:17:21,600 - INFO - 檢查點更新：setup_directories - completed
2026-02-18 17:17:21,600 - INFO - 檢查點更新：download_price_data - running
2026-02-18 17:17:21,600 - INFO - 開始下載 4 個資產的價格數據
2026-02-18 17:17:22,553 - INFO - 下載成功：數據形狀 (4023, 4)
2026-02-18 17:17:22,553 - INFO - 檢查點更新：download_price_data - completed
2026-02-18 17:17:22,554 - INFO - 檢查點更新：validate_and_clean_data - running
2026-02-18 17:17:22,554 - INFO - 開始驗證和清洗數據
2026-02-18 17:17:22,554 - INFO - GLD 數據完整性：100.0%
2026-02-18 17:17:22,554 - INFO - QQQ 數據完整性：100.0%
2026-02-18 17:17:22,554 - INFO - TLT 數據完整性：100.0%
2026-02-18 17:17:22,554 - INFO - UUP 數據完整性：100.0%
2026-02-18 17:17:22,555 - INFO - 數據清洗完成：形狀 (4023, 4)
2026-02-18 17:17:22,555 - INFO - 檢查點更新：validate_and_clean_data - completed
2026-02-18 17:17:22,555 - INFO - 檢查點更新：calculate_technical_indicators - running
2026-02-18 17:17:22,555 - INFO - 計算技術指標
2026-02-18 17:17:22,561 - INFO - 技術指標計算完成
2026-02-18 17:17:22,561 - INFO - 檢查點更新：calculate_technical_indicators - completed
2026-02-18 17:17:22,561 - INFO - 檢查點更新：save_all_data - running
2026-02-18 17:17:22,561 - INFO - 保存所有數據
2026-02-18 17:17:22,571 - INFO - 原始數據已保存：/Users/charlie/.openclaw/workspace/quant/data/raw/asset_prices_2010_2025.csv
2026-02-18 17:17:22,580 - INFO - 清洗後數據已保存：/Users/charlie/.openclaw/workspace/quant/data/processed/cleaned_prices_2010_2025.csv
2026-02-18 17:17:22,640 - INFO - 技術指標已保存：/Users/charlie/.openclaw/workspace/quant/data/processed/technical_indicators_2010_2025.csv
2026-02-18 17:17:22,650 - INFO - 回報率數據已保存：/Users/charlie/.openclaw/workspace/quant/data/processed/returns_2010_2025.csv
2026-02-18 17:17:22,650 - INFO - 品質報告已保存：/Users/charlie/.openclaw/workspace/quant/data/metadata/data_quality_report.json
2026-02-18 17:17:22,650 - INFO - 檢查點更新：save_all_data - completed
2026-02-18 17:17:22,650 - INFO - 🎉 強化數據收集系統執行完成
2026-02-18 17:17:22,650 - INFO - ✅ 強化數據收集任務成功完成
