
============================================================
📊 研究品質檢查
============================================================

找到 9 個研究報告（最近 24 小時）

📄 scout-1772244923293-research.md
✅ 評分成功: scout-1772244923293-research.md
   → 高品質研究 (7.0+)，自動提取洞察...
   ✅ 洞察提取成功

📄 scout-1772244923277-research.md
✅ 評分成功: scout-1772244923277-research.md
   → 高品質研究 (7.0+)，自動提取洞察...
   ✅ 洞察提取成功

📄 scout-1772244923300-research.md
✅ 評分成功: scout-1772244923300-research.md

📄 scout-1772244923282-research.md
✅ 評分成功: scout-1772244923282-research.md
   → 高品質研究 (7.0+)，自動提取洞察...
   ✅ 洞察提取成功

📄 scout-1772244923284-research.md
✅ 評分成功: scout-1772244923284-research.md

📄 scout-1772244923291-research.md
✅ 評分成功: scout-1772244923291-research.md
   → 高品質研究 (7.0+)，自動提取洞察...
   ✅ 洞察提取成功

📄 scout-1772244923288-research.md
✅ 評分成功: scout-1772244923288-research.md
   → 高品質研究 (7.0+)，自動提取洞察...
   ✅ 洞察提取成功

📄 scout-1772244923260-research.md
✅ 評分成功: scout-1772244923260-research.md

📄 scout-1772245018-research.md
⏭  已評分: scout-1772245018-research.md

============================================================
✅ 品質檢查完成
============================================================

總結: 9 個成功, 0 個失敗

============================================================
📊 研究品質檢查
============================================================

✅ 最近 24 小時內無新的研究報告

============================================================
📊 研究品質檢查
============================================================

✅ 最近 24 小時內無新的研究報告

============================================================
📊 研究品質檢查
============================================================

✅ 最近 24 小時內無新的研究報告

============================================================
📊 研究品質檢查
============================================================

✅ 最近 24 小時內無新的研究報告

============================================================
📊 研究品質檢查
============================================================

✅ 最近 24 小時內無新的研究報告

============================================================
📊 研究品質檢查
============================================================

✅ 最近 24 小時內無新的研究報告

============================================================
📊 研究品質檢查
============================================================

✅ 最近 24 小時內無新的研究報告

============================================================
📊 研究品質檢查
============================================================

✅ 最近 24 小時內無新的研究報告

============================================================
📊 研究品質檢查
============================================================

✅ 最近 24 小時內無新的研究報告

============================================================
📊 研究品質檢查
============================================================

✅ 最近 24 小時內無新的研究報告

============================================================
📊 研究品質檢查
============================================================

✅ 最近 24 小時內無新的研究報告
