✅ [2026-03-13 20:02:15] [Daemon] 守護進程已啟動（後台運行）
ℹ️ [2026-03-13 20:02:15] [Daemon] 使用 'python3 kanban-ops/auto_research_daemon.py status' 查看狀態
ℹ️ [2026-03-13 20:02:15] [Daemon] 使用 'python3 kanban-ops/auto_research_daemon.py stop' 停止守護進程
🔄 [2026-03-13 20:02:15] [Daemon] 守護進程啟動
🔄 [2026-03-13 20:02:15] [Daemon] 守護進程啟動
ℹ️ [2026-03-13 20:02:15] [Daemon] 配置文件: /Users/charlie/.openclaw/workspace/kanban-ops/AUTO_RESEARCH.json
ℹ️ [2026-03-13 20:02:15] [Daemon] 配置文件: /Users/charlie/.openclaw/workspace/kanban-ops/AUTO_RESEARCH.json
ℹ️ [2026-03-13 20:02:15] [Daemon] PID 文件: /Users/charlie/.openclaw/workspace/kanban-ops/.auto_research_daemon.pid
ℹ️ [2026-03-13 20:02:15] [Daemon] PID 文件: /Users/charlie/.openclaw/workspace/kanban-ops/.auto_research_daemon.pid
✅ [2026-03-13 20:02:15] [Daemon] 模式已啟用: 深夜自動研究模式
✅ [2026-03-13 20:02:15] [Daemon] 模式已啟用: 深夜自動研究模式
ℹ️ [2026-03-13 20:02:15] [Daemon] 時段: 23:00 - 8:00
ℹ️ [2026-03-13 20:02:15] [Daemon] 時段: 23:00 - 8:00
ℹ️ [2026-03-13 20:02:15] [Daemon] Scout 閾值: 5, 間隔: 30分鐘
ℹ️ [2026-03-13 20:02:15] [Daemon] Scout 閾值: 5, 間隔: 30分鐘
ℹ️ [2026-03-13 20:02:15] [Daemon] 最大並發: 4, 循環間隔: 5分鐘
ℹ️ [2026-03-13 20:02:15] [Daemon] 最大並發: 4, 循環間隔: 5分鐘
🔄 [2026-03-13 20:02:15] [Daemon] 循環 #1
🔄 [2026-03-13 20:02:15] [Daemon] 循環 #1
============================================================
ℹ️ [2026-03-13 20:02:15] [Daemon] ⏰ 非深夜時段，暫停監控（等待 30 分鐘）
ℹ️ [2026-03-13 20:02:15] [Daemon] ⏰ 非深夜時段，暫停監控（等待 30 分鐘）
🔄 [2026-03-13 20:32:16] [Daemon] 循環 #2
🔄 [2026-03-13 20:32:16] [Daemon] 循環 #2
============================================================
ℹ️ [2026-03-13 20:32:16] [Daemon] ⏰ 非深夜時段，暫停監控（等待 30 分鐘）
ℹ️ [2026-03-13 20:32:16] [Daemon] ⏰ 非深夜時段，暫停監控（等待 30 分鐘）
🔄 [2026-03-13 21:02:15] [Daemon] 循環 #3
🔄 [2026-03-13 21:02:15] [Daemon] 循環 #3
============================================================
ℹ️ [2026-03-13 21:02:15] [Daemon] ⏰ 非深夜時段，暫停監控（等待 30 分鐘）
ℹ️ [2026-03-13 21:02:15] [Daemon] ⏰ 非深夜時段，暫停監控（等待 30 分鐘）
🔄 [2026-03-13 21:32:16] [Daemon] 循環 #4
🔄 [2026-03-13 21:32:16] [Daemon] 循環 #4
============================================================
ℹ️ [2026-03-13 21:32:16] [Daemon] ⏰ 非深夜時段，暫停監控（等待 30 分鐘）
ℹ️ [2026-03-13 21:32:16] [Daemon] ⏰ 非深夜時段，暫停監控（等待 30 分鐘）
🔄 [2026-03-13 22:02:16] [Daemon] 循環 #5
🔄 [2026-03-13 22:02:16] [Daemon] 循環 #5
============================================================
ℹ️ [2026-03-13 22:02:16] [Daemon] ⏰ 非深夜時段，暫停監控（等待 30 分鐘）
ℹ️ [2026-03-13 22:02:16] [Daemon] ⏰ 非深夜時段，暫停監控（等待 30 分鐘）
🔄 [2026-03-13 22:32:14] [Daemon] 循環 #6
🔄 [2026-03-13 22:32:14] [Daemon] 循環 #6
============================================================
ℹ️ [2026-03-13 22:32:14] [Daemon] ⏰ 非深夜時段，暫停監控（等待 30 分鐘）
ℹ️ [2026-03-13 22:32:14] [Daemon] ⏰ 非深夜時段，暫停監控（等待 30 分鐘）
🔄 [2026-03-13 23:02:16] [Daemon] 循環 #7
🔄 [2026-03-13 23:02:16] [Daemon] 循環 #7
============================================================
ℹ️ [2026-03-13 23:02:16] [Daemon] Scout 檢查: 待辦=0 (閾值=5), 間隔=14826.627871516666分鐘 (最小=30分鐘)
ℹ️ [2026-03-13 23:02:16] [Daemon] Scout 檢查: 待辦=0 (閾值=5), 間隔=14826.627871516666分鐘 (最小=30分鐘)
🔄 [2026-03-13 23:02:16] [Daemon] 觸發 Scout 掃描...
🔄 [2026-03-13 23:02:16] [Daemon] 觸發 Scout 掃描...
🔍 [2026-03-13 23:02:16] [Daemon] 觸發 Scout 掃描...
🔍 [2026-03-13 23:02:16] [Daemon] 觸發 Scout 掃描...
✅ [2026-03-13 23:02:18] [Daemon] Scout 掃描完成
✅ [2026-03-13 23:02:18] [Daemon] Scout 掃描完成
⚠️ [2026-03-13 23:02:23] [Daemon] ⚠️ 連續 1 次空掃描（掃描前=0, 掃描後=0）
⚠️ [2026-03-13 23:02:23] [Daemon] ⚠️ 連續 1 次空掃描（掃描前=0, 掃描後=0）
ℹ️ [2026-03-13 23:02:23] [Daemon] 統計: Scout 掃描 57 次
ℹ️ [2026-03-13 23:02:23] [Daemon] 統計: Scout 掃描 57 次
🔄 [2026-03-13 23:02:23] [Daemon] 檢查並啟動任務...
🔄 [2026-03-13 23:02:23] [Daemon] 檢查並啟動任務...
ℹ️ [2026-03-13 23:02:23] [Daemon] 並發檢查: 運行中=0, 可用=4, 最大=4
ℹ️ [2026-03-13 23:02:23] [Daemon] 並發檢查: 運行中=0, 可用=4, 最大=4
ℹ️ [2026-03-13 23:02:23] [Daemon] 沒有可啟動的任務
ℹ️ [2026-03-13 23:02:23] [Daemon] 沒有可啟動的任務
🔄 [2026-03-13 23:02:23] [Daemon] 等待 5 分鐘後繼續...
🔄 [2026-03-13 23:02:23] [Daemon] 等待 5 分鐘後繼續...
============================================================
🔄 [2026-03-13 23:07:23] [Daemon] 循環 #8
🔄 [2026-03-13 23:07:23] [Daemon] 循環 #8
============================================================
ℹ️ [2026-03-13 23:07:23] [Daemon] Scout 檢查: 待辦=0 (閾值=5), 間隔=14831.740750416668分鐘 (最小=30分鐘)
ℹ️ [2026-03-13 23:07:23] [Daemon] Scout 檢查: 待辦=0 (閾值=5), 間隔=14831.740750416668分鐘 (最小=30分鐘)
🔄 [2026-03-13 23:07:23] [Daemon] 觸發 Scout 掃描...
🔄 [2026-03-13 23:07:23] [Daemon] 觸發 Scout 掃描...
🔍 [2026-03-13 23:07:23] [Daemon] 觸發 Scout 掃描...
🔍 [2026-03-13 23:07:23] [Daemon] 觸發 Scout 掃描...
✅ [2026-03-13 23:07:24] [Daemon] Scout 掃描完成
✅ [2026-03-13 23:07:24] [Daemon] Scout 掃描完成
⚠️ [2026-03-13 23:07:29] [Daemon] ⚠️ 連續 2 次空掃描（掃描前=0, 掃描後=0）
⚠️ [2026-03-13 23:07:29] [Daemon] ⚠️ 連續 2 次空掃描（掃描前=0, 掃描後=0）
ℹ️ [2026-03-13 23:07:29] [Daemon] 統計: Scout 掃描 58 次
ℹ️ [2026-03-13 23:07:29] [Daemon] 統計: Scout 掃描 58 次
🔄 [2026-03-13 23:07:29] [Daemon] 檢查並啟動任務...
🔄 [2026-03-13 23:07:29] [Daemon] 檢查並啟動任務...
ℹ️ [2026-03-13 23:07:29] [Daemon] 並發檢查: 運行中=0, 可用=4, 最大=4
ℹ️ [2026-03-13 23:07:29] [Daemon] 並發檢查: 運行中=0, 可用=4, 最大=4
ℹ️ [2026-03-13 23:07:29] [Daemon] 沒有可啟動的任務
ℹ️ [2026-03-13 23:07:29] [Daemon] 沒有可啟動的任務
🔄 [2026-03-13 23:07:29] [Daemon] 等待 5 分鐘後繼續...
🔄 [2026-03-13 23:07:29] [Daemon] 等待 5 分鐘後繼續...
============================================================
🔄 [2026-03-13 23:12:29] [Daemon] 循環 #9
🔄 [2026-03-13 23:12:29] [Daemon] 循環 #9
============================================================
ℹ️ [2026-03-13 23:12:29] [Daemon] Scout 檢查: 待辦=0 (閾值=5), 間隔=14836.849962983333分鐘 (最小=30分鐘)
ℹ️ [2026-03-13 23:12:29] [Daemon] Scout 檢查: 待辦=0 (閾值=5), 間隔=14836.849962983333分鐘 (最小=30分鐘)
🔄 [2026-03-13 23:12:29] [Daemon] 觸發 Scout 掃描...
🔄 [2026-03-13 23:12:29] [Daemon] 觸發 Scout 掃描...
🔍 [2026-03-13 23:12:30] [Daemon] 觸發 Scout 掃描...
🔍 [2026-03-13 23:12:30] [Daemon] 觸發 Scout 掃描...
✅ [2026-03-13 23:12:31] [Daemon] Scout 掃描完成
✅ [2026-03-13 23:12:31] [Daemon] Scout 掃描完成
⚠️ [2026-03-13 23:12:36] [Daemon] ⚠️ 連續 3 次空掃描（掃描前=0, 掃描後=0）
⚠️ [2026-03-13 23:12:36] [Daemon] ⚠️ 連續 3 次空掃描（掃描前=0, 掃描後=0）
ℹ️ [2026-03-13 23:12:36] [Daemon] ⏸️  達到最大空掃描次數 (3)，暫停 30 分鐘
ℹ️ [2026-03-13 23:12:36] [Daemon] ⏸️  達到最大空掃描次數 (3)，暫停 30 分鐘
🔄 [2026-03-13 23:42:36] [Daemon] 循環 #10
🔄 [2026-03-13 23:42:36] [Daemon] 循環 #10
============================================================
ℹ️ [2026-03-13 23:42:36] [Daemon] Scout 檢查: 待辦=0 (閾值=5), 間隔=14866.959603666668分鐘 (最小=30分鐘)
ℹ️ [2026-03-13 23:42:36] [Daemon] Scout 檢查: 待辦=0 (閾值=5), 間隔=14866.959603666668分鐘 (最小=30分鐘)
🔄 [2026-03-13 23:42:36] [Daemon] 觸發 Scout 掃描...
🔄 [2026-03-13 23:42:36] [Daemon] 觸發 Scout 掃描...
🔍 [2026-03-13 23:42:36] [Daemon] 觸發 Scout 掃描...
🔍 [2026-03-13 23:42:36] [Daemon] 觸發 Scout 掃描...
✅ [2026-03-13 23:42:37] [Daemon] Scout 掃描完成
✅ [2026-03-13 23:42:37] [Daemon] Scout 掃描完成
⚠️ [2026-03-13 23:42:42] [Daemon] ⚠️ 連續 1 次空掃描（掃描前=0, 掃描後=0）
⚠️ [2026-03-13 23:42:42] [Daemon] ⚠️ 連續 1 次空掃描（掃描前=0, 掃描後=0）
ℹ️ [2026-03-13 23:42:42] [Daemon] 統計: Scout 掃描 59 次
ℹ️ [2026-03-13 23:42:42] [Daemon] 統計: Scout 掃描 59 次
🔄 [2026-03-13 23:42:42] [Daemon] 檢查並啟動任務...
🔄 [2026-03-13 23:42:42] [Daemon] 檢查並啟動任務...
ℹ️ [2026-03-13 23:42:42] [Daemon] 並發檢查: 運行中=0, 可用=4, 最大=4
ℹ️ [2026-03-13 23:42:42] [Daemon] 並發檢查: 運行中=0, 可用=4, 最大=4
ℹ️ [2026-03-13 23:42:42] [Daemon] 沒有可啟動的任務
ℹ️ [2026-03-13 23:42:42] [Daemon] 沒有可啟動的任務
🔄 [2026-03-13 23:42:42] [Daemon] 等待 5 分鐘後繼續...
🔄 [2026-03-13 23:42:42] [Daemon] 等待 5 分鐘後繼續...
============================================================
🔄 [2026-03-13 23:47:43] [Daemon] 循環 #11
🔄 [2026-03-13 23:47:43] [Daemon] 循環 #11
============================================================
ℹ️ [2026-03-13 23:47:43] [Daemon] Scout 檢查: 待辦=0 (閾值=5), 間隔=14872.071108350001分鐘 (最小=30分鐘)
ℹ️ [2026-03-13 23:47:43] [Daemon] Scout 檢查: 待辦=0 (閾值=5), 間隔=14872.071108350001分鐘 (最小=30分鐘)
🔄 [2026-03-13 23:47:43] [Daemon] 觸發 Scout 掃描...
🔄 [2026-03-13 23:47:43] [Daemon] 觸發 Scout 掃描...
🔍 [2026-03-13 23:47:43] [Daemon] 觸發 Scout 掃描...
🔍 [2026-03-13 23:47:43] [Daemon] 觸發 Scout 掃描...
✅ [2026-03-13 23:47:44] [Daemon] Scout 掃描完成
✅ [2026-03-13 23:47:44] [Daemon] Scout 掃描完成
⚠️ [2026-03-13 23:47:49] [Daemon] ⚠️ 連續 2 次空掃描（掃描前=0, 掃描後=0）
⚠️ [2026-03-13 23:47:49] [Daemon] ⚠️ 連續 2 次空掃描（掃描前=0, 掃描後=0）
ℹ️ [2026-03-13 23:47:49] [Daemon] 統計: Scout 掃描 60 次
ℹ️ [2026-03-13 23:47:49] [Daemon] 統計: Scout 掃描 60 次
🔄 [2026-03-13 23:47:49] [Daemon] 檢查並啟動任務...
🔄 [2026-03-13 23:47:49] [Daemon] 檢查並啟動任務...
ℹ️ [2026-03-13 23:47:49] [Daemon] 並發檢查: 運行中=0, 可用=4, 最大=4
ℹ️ [2026-03-13 23:47:49] [Daemon] 並發檢查: 運行中=0, 可用=4, 最大=4
ℹ️ [2026-03-13 23:47:49] [Daemon] 沒有可啟動的任務
ℹ️ [2026-03-13 23:47:49] [Daemon] 沒有可啟動的任務
🔄 [2026-03-13 23:47:49] [Daemon] 等待 5 分鐘後繼續...
🔄 [2026-03-13 23:47:49] [Daemon] 等待 5 分鐘後繼續...
============================================================
🔄 [2026-03-13 23:52:49] [Daemon] 循環 #12
🔄 [2026-03-13 23:52:49] [Daemon] 循環 #12
============================================================
ℹ️ [2026-03-13 23:52:49] [Daemon] Scout 檢查: 待辦=0 (閾值=5), 間隔=14877.176467849999分鐘 (最小=30分鐘)
ℹ️ [2026-03-13 23:52:49] [Daemon] Scout 檢查: 待辦=0 (閾值=5), 間隔=14877.176467849999分鐘 (最小=30分鐘)
🔄 [2026-03-13 23:52:49] [Daemon] 觸發 Scout 掃描...
🔄 [2026-03-13 23:52:49] [Daemon] 觸發 Scout 掃描...
🔍 [2026-03-13 23:52:49] [Daemon] 觸發 Scout 掃描...
🔍 [2026-03-13 23:52:49] [Daemon] 觸發 Scout 掃描...
✅ [2026-03-13 23:52:51] [Daemon] Scout 掃描完成
✅ [2026-03-13 23:52:51] [Daemon] Scout 掃描完成
⚠️ [2026-03-13 23:52:56] [Daemon] ⚠️ 連續 3 次空掃描（掃描前=0, 掃描後=0）
⚠️ [2026-03-13 23:52:56] [Daemon] ⚠️ 連續 3 次空掃描（掃描前=0, 掃描後=0）
ℹ️ [2026-03-13 23:52:56] [Daemon] ⏸️  達到最大空掃描次數 (3)，暫停 30 分鐘
ℹ️ [2026-03-13 23:52:56] [Daemon] ⏸️  達到最大空掃描次數 (3)，暫停 30 分鐘
🔄 [2026-03-14 00:22:56] [Daemon] 循環 #13
🔄 [2026-03-14 00:22:56] [Daemon] 循環 #13
============================================================
ℹ️ [2026-03-14 00:22:56] [Daemon] Scout 檢查: 待辦=0 (閾值=5), 間隔=14907.28432555分鐘 (最小=30分鐘)
ℹ️ [2026-03-14 00:22:56] [Daemon] Scout 檢查: 待辦=0 (閾值=5), 間隔=14907.28432555分鐘 (最小=30分鐘)
🔄 [2026-03-14 00:22:56] [Daemon] 觸發 Scout 掃描...
🔄 [2026-03-14 00:22:56] [Daemon] 觸發 Scout 掃描...
🔍 [2026-03-14 00:22:56] [Daemon] 觸發 Scout 掃描...
🔍 [2026-03-14 00:22:56] [Daemon] 觸發 Scout 掃描...
✅ [2026-03-14 00:22:58] [Daemon] Scout 掃描完成
✅ [2026-03-14 00:22:58] [Daemon] Scout 掃描完成
⚠️ [2026-03-14 00:23:03] [Daemon] ⚠️ 連續 1 次空掃描（掃描前=0, 掃描後=0）
⚠️ [2026-03-14 00:23:03] [Daemon] ⚠️ 連續 1 次空掃描（掃描前=0, 掃描後=0）
ℹ️ [2026-03-14 00:23:03] [Daemon] 統計: Scout 掃描 61 次
ℹ️ [2026-03-14 00:23:03] [Daemon] 統計: Scout 掃描 61 次
🔄 [2026-03-14 00:23:03] [Daemon] 檢查並啟動任務...
🔄 [2026-03-14 00:23:03] [Daemon] 檢查並啟動任務...
ℹ️ [2026-03-14 00:23:03] [Daemon] 並發檢查: 運行中=0, 可用=4, 最大=4
ℹ️ [2026-03-14 00:23:03] [Daemon] 並發檢查: 運行中=0, 可用=4, 最大=4
ℹ️ [2026-03-14 00:23:03] [Daemon] 沒有可啟動的任務
ℹ️ [2026-03-14 00:23:03] [Daemon] 沒有可啟動的任務
🔄 [2026-03-14 00:23:03] [Daemon] 等待 5 分鐘後繼續...
🔄 [2026-03-14 00:23:03] [Daemon] 等待 5 分鐘後繼續...
============================================================
🔄 [2026-03-14 00:28:03] [Daemon] 循環 #14
🔄 [2026-03-14 00:28:03] [Daemon] 循環 #14
============================================================
ℹ️ [2026-03-14 00:28:03] [Daemon] Scout 檢查: 待辦=0 (閾值=5), 間隔=14912.414983366667分鐘 (最小=30分鐘)
ℹ️ [2026-03-14 00:28:03] [Daemon] Scout 檢查: 待辦=0 (閾值=5), 間隔=14912.414983366667分鐘 (最小=30分鐘)
🔄 [2026-03-14 00:28:03] [Daemon] 觸發 Scout 掃描...
🔄 [2026-03-14 00:28:03] [Daemon] 觸發 Scout 掃描...
🔍 [2026-03-14 00:28:03] [Daemon] 觸發 Scout 掃描...
🔍 [2026-03-14 00:28:03] [Daemon] 觸發 Scout 掃描...
✅ [2026-03-14 00:28:05] [Daemon] Scout 掃描完成
✅ [2026-03-14 00:28:05] [Daemon] Scout 掃描完成
⚠️ [2026-03-14 00:28:10] [Daemon] ⚠️ 連續 2 次空掃描（掃描前=0, 掃描後=0）
⚠️ [2026-03-14 00:28:10] [Daemon] ⚠️ 連續 2 次空掃描（掃描前=0, 掃描後=0）
ℹ️ [2026-03-14 00:28:10] [Daemon] 統計: Scout 掃描 62 次
ℹ️ [2026-03-14 00:28:10] [Daemon] 統計: Scout 掃描 62 次
🔄 [2026-03-14 00:28:10] [Daemon] 檢查並啟動任務...
🔄 [2026-03-14 00:28:10] [Daemon] 檢查並啟動任務...
ℹ️ [2026-03-14 00:28:10] [Daemon] 並發檢查: 運行中=0, 可用=4, 最大=4
ℹ️ [2026-03-14 00:28:10] [Daemon] 並發檢查: 運行中=0, 可用=4, 最大=4
ℹ️ [2026-03-14 00:28:10] [Daemon] 沒有可啟動的任務
ℹ️ [2026-03-14 00:28:10] [Daemon] 沒有可啟動的任務
🔄 [2026-03-14 00:28:10] [Daemon] 等待 5 分鐘後繼續...
🔄 [2026-03-14 00:28:10] [Daemon] 等待 5 分鐘後繼續...
============================================================
🔄 [2026-03-14 00:33:10] [Daemon] 循環 #15
🔄 [2026-03-14 00:33:10] [Daemon] 循環 #15
============================================================
ℹ️ [2026-03-14 00:33:10] [Daemon] Scout 檢查: 待辦=0 (閾值=5), 間隔=14917.526541266667分鐘 (最小=30分鐘)
ℹ️ [2026-03-14 00:33:10] [Daemon] Scout 檢查: 待辦=0 (閾值=5), 間隔=14917.526541266667分鐘 (最小=30分鐘)
🔄 [2026-03-14 00:33:10] [Daemon] 觸發 Scout 掃描...
🔄 [2026-03-14 00:33:10] [Daemon] 觸發 Scout 掃描...
🔍 [2026-03-14 00:33:10] [Daemon] 觸發 Scout 掃描...
🔍 [2026-03-14 00:33:10] [Daemon] 觸發 Scout 掃描...
✅ [2026-03-14 00:33:11] [Daemon] Scout 掃描完成
✅ [2026-03-14 00:33:11] [Daemon] Scout 掃描完成
⚠️ [2026-03-14 00:33:17] [Daemon] ⚠️ 連續 3 次空掃描（掃描前=0, 掃描後=0）
⚠️ [2026-03-14 00:33:17] [Daemon] ⚠️ 連續 3 次空掃描（掃描前=0, 掃描後=0）
ℹ️ [2026-03-14 00:33:17] [Daemon] ⏸️  達到最大空掃描次數 (3)，暫停 30 分鐘
ℹ️ [2026-03-14 00:33:17] [Daemon] ⏸️  達到最大空掃描次數 (3)，暫停 30 分鐘
🔄 [2026-03-14 01:03:17] [Daemon] 循環 #16
🔄 [2026-03-14 01:03:17] [Daemon] 循環 #16
============================================================
ℹ️ [2026-03-14 01:03:17] [Daemon] Scout 檢查: 待辦=0 (閾值=5), 間隔=14947.634086716665分鐘 (最小=30分鐘)
ℹ️ [2026-03-14 01:03:17] [Daemon] Scout 檢查: 待辦=0 (閾值=5), 間隔=14947.634086716665分鐘 (最小=30分鐘)
🔄 [2026-03-14 01:03:17] [Daemon] 觸發 Scout 掃描...
🔄 [2026-03-14 01:03:17] [Daemon] 觸發 Scout 掃描...
🔍 [2026-03-14 01:03:17] [Daemon] 觸發 Scout 掃描...
🔍 [2026-03-14 01:03:17] [Daemon] 觸發 Scout 掃描...
✅ [2026-03-14 01:03:18] [Daemon] Scout 掃描完成
✅ [2026-03-14 01:03:18] [Daemon] Scout 掃描完成
⚠️ [2026-03-14 01:03:23] [Daemon] ⚠️ 連續 1 次空掃描（掃描前=0, 掃描後=0）
⚠️ [2026-03-14 01:03:23] [Daemon] ⚠️ 連續 1 次空掃描（掃描前=0, 掃描後=0）
ℹ️ [2026-03-14 01:03:23] [Daemon] 統計: Scout 掃描 63 次
ℹ️ [2026-03-14 01:03:23] [Daemon] 統計: Scout 掃描 63 次
🔄 [2026-03-14 01:03:23] [Daemon] 檢查並啟動任務...
🔄 [2026-03-14 01:03:23] [Daemon] 檢查並啟動任務...
ℹ️ [2026-03-14 01:03:23] [Daemon] 並發檢查: 運行中=0, 可用=4, 最大=4
ℹ️ [2026-03-14 01:03:23] [Daemon] 並發檢查: 運行中=0, 可用=4, 最大=4
ℹ️ [2026-03-14 01:03:23] [Daemon] 沒有可啟動的任務
ℹ️ [2026-03-14 01:03:23] [Daemon] 沒有可啟動的任務
🔄 [2026-03-14 01:03:23] [Daemon] 等待 5 分鐘後繼續...
🔄 [2026-03-14 01:03:23] [Daemon] 等待 5 分鐘後繼續...
============================================================
🔄 [2026-03-14 01:08:23] [Daemon] 循環 #17
🔄 [2026-03-14 01:08:23] [Daemon] 循環 #17
============================================================
ℹ️ [2026-03-14 01:08:23] [Daemon] Scout 檢查: 待辦=0 (閾值=5), 間隔=14952.749193216667分鐘 (最小=30分鐘)
ℹ️ [2026-03-14 01:08:23] [Daemon] Scout 檢查: 待辦=0 (閾值=5), 間隔=14952.749193216667分鐘 (最小=30分鐘)
🔄 [2026-03-14 01:08:23] [Daemon] 觸發 Scout 掃描...
🔄 [2026-03-14 01:08:23] [Daemon] 觸發 Scout 掃描...
🔍 [2026-03-14 01:08:23] [Daemon] 觸發 Scout 掃描...
🔍 [2026-03-14 01:08:23] [Daemon] 觸發 Scout 掃描...
✅ [2026-03-14 01:08:25] [Daemon] Scout 掃描完成
✅ [2026-03-14 01:08:25] [Daemon] Scout 掃描完成
⚠️ [2026-03-14 01:08:30] [Daemon] ⚠️ 連續 2 次空掃描（掃描前=0, 掃描後=0）
⚠️ [2026-03-14 01:08:30] [Daemon] ⚠️ 連續 2 次空掃描（掃描前=0, 掃描後=0）
ℹ️ [2026-03-14 01:08:30] [Daemon] 統計: Scout 掃描 64 次
ℹ️ [2026-03-14 01:08:30] [Daemon] 統計: Scout 掃描 64 次
🔄 [2026-03-14 01:08:30] [Daemon] 檢查並啟動任務...
🔄 [2026-03-14 01:08:30] [Daemon] 檢查並啟動任務...
ℹ️ [2026-03-14 01:08:30] [Daemon] 並發檢查: 運行中=0, 可用=4, 最大=4
ℹ️ [2026-03-14 01:08:30] [Daemon] 並發檢查: 運行中=0, 可用=4, 最大=4
ℹ️ [2026-03-14 01:08:30] [Daemon] 沒有可啟動的任務
ℹ️ [2026-03-14 01:08:30] [Daemon] 沒有可啟動的任務
🔄 [2026-03-14 01:08:30] [Daemon] 等待 5 分鐘後繼續...
🔄 [2026-03-14 01:08:30] [Daemon] 等待 5 分鐘後繼續...
============================================================
🔄 [2026-03-14 01:13:30] [Daemon] 循環 #18
🔄 [2026-03-14 01:13:30] [Daemon] 循環 #18
============================================================
ℹ️ [2026-03-14 01:13:30] [Daemon] Scout 檢查: 待辦=0 (閾值=5), 間隔=14957.866550383333分鐘 (最小=30分鐘)
ℹ️ [2026-03-14 01:13:30] [Daemon] Scout 檢查: 待辦=0 (閾值=5), 間隔=14957.866550383333分鐘 (最小=30分鐘)
🔄 [2026-03-14 01:13:30] [Daemon] 觸發 Scout 掃描...
🔄 [2026-03-14 01:13:30] [Daemon] 觸發 Scout 掃描...
🔍 [2026-03-14 01:13:31] [Daemon] 觸發 Scout 掃描...
🔍 [2026-03-14 01:13:31] [Daemon] 觸發 Scout 掃描...
✅ [2026-03-14 01:13:32] [Daemon] Scout 掃描完成
✅ [2026-03-14 01:13:32] [Daemon] Scout 掃描完成
⚠️ [2026-03-14 01:13:37] [Daemon] ⚠️ 連續 3 次空掃描（掃描前=0, 掃描後=0）
⚠️ [2026-03-14 01:13:37] [Daemon] ⚠️ 連續 3 次空掃描（掃描前=0, 掃描後=0）
ℹ️ [2026-03-14 01:13:37] [Daemon] ⏸️  達到最大空掃描次數 (3)，暫停 30 分鐘
ℹ️ [2026-03-14 01:13:37] [Daemon] ⏸️  達到最大空掃描次數 (3)，暫停 30 分鐘
🔄 [2026-03-14 01:43:37] [Daemon] 循環 #19
🔄 [2026-03-14 01:43:37] [Daemon] 循環 #19
============================================================
ℹ️ [2026-03-14 01:43:37] [Daemon] Scout 檢查: 待辦=0 (閾值=5), 間隔=14987.976084099999分鐘 (最小=30分鐘)
ℹ️ [2026-03-14 01:43:37] [Daemon] Scout 檢查: 待辦=0 (閾值=5), 間隔=14987.976084099999分鐘 (最小=30分鐘)
🔄 [2026-03-14 01:43:37] [Daemon] 觸發 Scout 掃描...
🔄 [2026-03-14 01:43:37] [Daemon] 觸發 Scout 掃描...
🔍 [2026-03-14 01:43:37] [Daemon] 觸發 Scout 掃描...
🔍 [2026-03-14 01:43:37] [Daemon] 觸發 Scout 掃描...
✅ [2026-03-14 01:43:38] [Daemon] Scout 掃描完成
✅ [2026-03-14 01:43:38] [Daemon] Scout 掃描完成
⚠️ [2026-03-14 01:43:43] [Daemon] ⚠️ 連續 1 次空掃描（掃描前=0, 掃描後=0）
⚠️ [2026-03-14 01:43:43] [Daemon] ⚠️ 連續 1 次空掃描（掃描前=0, 掃描後=0）
ℹ️ [2026-03-14 01:43:43] [Daemon] 統計: Scout 掃描 65 次
ℹ️ [2026-03-14 01:43:43] [Daemon] 統計: Scout 掃描 65 次
🔄 [2026-03-14 01:43:43] [Daemon] 檢查並啟動任務...
🔄 [2026-03-14 01:43:43] [Daemon] 檢查並啟動任務...
ℹ️ [2026-03-14 01:43:44] [Daemon] 並發檢查: 運行中=0, 可用=4, 最大=4
ℹ️ [2026-03-14 01:43:44] [Daemon] 並發檢查: 運行中=0, 可用=4, 最大=4
ℹ️ [2026-03-14 01:43:44] [Daemon] 沒有可啟動的任務
ℹ️ [2026-03-14 01:43:44] [Daemon] 沒有可啟動的任務
🔄 [2026-03-14 01:43:44] [Daemon] 等待 5 分鐘後繼續...
🔄 [2026-03-14 01:43:44] [Daemon] 等待 5 分鐘後繼續...
============================================================
🔄 [2026-03-14 01:48:44] [Daemon] 循環 #20
🔄 [2026-03-14 01:48:44] [Daemon] 循環 #20
============================================================
ℹ️ [2026-03-14 01:48:44] [Daemon] Scout 檢查: 待辦=0 (閾值=5), 間隔=14993.08622715分鐘 (最小=30分鐘)
ℹ️ [2026-03-14 01:48:44] [Daemon] Scout 檢查: 待辦=0 (閾值=5), 間隔=14993.08622715分鐘 (最小=30分鐘)
🔄 [2026-03-14 01:48:44] [Daemon] 觸發 Scout 掃描...
🔄 [2026-03-14 01:48:44] [Daemon] 觸發 Scout 掃描...
🔍 [2026-03-14 01:48:44] [Daemon] 觸發 Scout 掃描...
🔍 [2026-03-14 01:48:44] [Daemon] 觸發 Scout 掃描...
✅ [2026-03-14 01:48:45] [Daemon] Scout 掃描完成
✅ [2026-03-14 01:48:45] [Daemon] Scout 掃描完成
⚠️ [2026-03-14 01:48:50] [Daemon] ⚠️ 連續 2 次空掃描（掃描前=0, 掃描後=0）
⚠️ [2026-03-14 01:48:50] [Daemon] ⚠️ 連續 2 次空掃描（掃描前=0, 掃描後=0）
ℹ️ [2026-03-14 01:48:50] [Daemon] 統計: Scout 掃描 66 次
ℹ️ [2026-03-14 01:48:50] [Daemon] 統計: Scout 掃描 66 次
🔄 [2026-03-14 01:48:50] [Daemon] 檢查並啟動任務...
🔄 [2026-03-14 01:48:50] [Daemon] 檢查並啟動任務...
ℹ️ [2026-03-14 01:48:50] [Daemon] 並發檢查: 運行中=0, 可用=4, 最大=4
ℹ️ [2026-03-14 01:48:50] [Daemon] 並發檢查: 運行中=0, 可用=4, 最大=4
ℹ️ [2026-03-14 01:48:50] [Daemon] 沒有可啟動的任務
ℹ️ [2026-03-14 01:48:50] [Daemon] 沒有可啟動的任務
🔄 [2026-03-14 01:48:50] [Daemon] 等待 5 分鐘後繼續...
🔄 [2026-03-14 01:48:50] [Daemon] 等待 5 分鐘後繼續...
============================================================
🔄 [2026-03-14 01:53:50] [Daemon] 循環 #21
🔄 [2026-03-14 01:53:50] [Daemon] 循環 #21
============================================================
ℹ️ [2026-03-14 01:53:50] [Daemon] Scout 檢查: 待辦=0 (閾值=5), 間隔=14998.194373433333分鐘 (最小=30分鐘)
ℹ️ [2026-03-14 01:53:50] [Daemon] Scout 檢查: 待辦=0 (閾值=5), 間隔=14998.194373433333分鐘 (最小=30分鐘)
🔄 [2026-03-14 01:53:50] [Daemon] 觸發 Scout 掃描...
🔄 [2026-03-14 01:53:50] [Daemon] 觸發 Scout 掃描...
🔍 [2026-03-14 01:53:50] [Daemon] 觸發 Scout 掃描...
🔍 [2026-03-14 01:53:50] [Daemon] 觸發 Scout 掃描...
✅ [2026-03-14 01:53:51] [Daemon] Scout 掃描完成
✅ [2026-03-14 01:53:51] [Daemon] Scout 掃描完成
⚠️ [2026-03-14 01:53:56] [Daemon] ⚠️ 連續 3 次空掃描（掃描前=0, 掃描後=0）
⚠️ [2026-03-14 01:53:56] [Daemon] ⚠️ 連續 3 次空掃描（掃描前=0, 掃描後=0）
ℹ️ [2026-03-14 01:53:56] [Daemon] ⏸️  達到最大空掃描次數 (3)，暫停 30 分鐘
ℹ️ [2026-03-14 01:53:56] [Daemon] ⏸️  達到最大空掃描次數 (3)，暫停 30 分鐘
🔄 [2026-03-14 02:23:57] [Daemon] 循環 #22
🔄 [2026-03-14 02:23:57] [Daemon] 循環 #22
============================================================
ℹ️ [2026-03-14 02:23:57] [Daemon] Scout 檢查: 待辦=0 (閾值=5), 間隔=15028.304885733332分鐘 (最小=30分鐘)
ℹ️ [2026-03-14 02:23:57] [Daemon] Scout 檢查: 待辦=0 (閾值=5), 間隔=15028.304885733332分鐘 (最小=30分鐘)
🔄 [2026-03-14 02:23:57] [Daemon] 觸發 Scout 掃描...
🔄 [2026-03-14 02:23:57] [Daemon] 觸發 Scout 掃描...
🔍 [2026-03-14 02:23:57] [Daemon] 觸發 Scout 掃描...
🔍 [2026-03-14 02:23:57] [Daemon] 觸發 Scout 掃描...
✅ [2026-03-14 02:23:58] [Daemon] Scout 掃描完成
✅ [2026-03-14 02:23:58] [Daemon] Scout 掃描完成
⚠️ [2026-03-14 02:24:03] [Daemon] ⚠️ 連續 1 次空掃描（掃描前=0, 掃描後=0）
⚠️ [2026-03-14 02:24:03] [Daemon] ⚠️ 連續 1 次空掃描（掃描前=0, 掃描後=0）
ℹ️ [2026-03-14 02:24:03] [Daemon] 統計: Scout 掃描 67 次
ℹ️ [2026-03-14 02:24:03] [Daemon] 統計: Scout 掃描 67 次
🔄 [2026-03-14 02:24:03] [Daemon] 檢查並啟動任務...
🔄 [2026-03-14 02:24:03] [Daemon] 檢查並啟動任務...
ℹ️ [2026-03-14 02:24:03] [Daemon] 並發檢查: 運行中=0, 可用=4, 最大=4
ℹ️ [2026-03-14 02:24:03] [Daemon] 並發檢查: 運行中=0, 可用=4, 最大=4
ℹ️ [2026-03-14 02:24:03] [Daemon] 沒有可啟動的任務
ℹ️ [2026-03-14 02:24:03] [Daemon] 沒有可啟動的任務
🔄 [2026-03-14 02:24:03] [Daemon] 等待 5 分鐘後繼續...
🔄 [2026-03-14 02:24:03] [Daemon] 等待 5 分鐘後繼續...
============================================================
🔄 [2026-03-14 02:29:04] [Daemon] 循環 #23
🔄 [2026-03-14 02:29:04] [Daemon] 循環 #23
============================================================
ℹ️ [2026-03-14 02:29:04] [Daemon] Scout 檢查: 待辦=0 (閾值=5), 間隔=15033.418992483332分鐘 (最小=30分鐘)
ℹ️ [2026-03-14 02:29:04] [Daemon] Scout 檢查: 待辦=0 (閾值=5), 間隔=15033.418992483332分鐘 (最小=30分鐘)
🔄 [2026-03-14 02:29:04] [Daemon] 觸發 Scout 掃描...
🔄 [2026-03-14 02:29:04] [Daemon] 觸發 Scout 掃描...
🔍 [2026-03-14 02:29:04] [Daemon] 觸發 Scout 掃描...
🔍 [2026-03-14 02:29:04] [Daemon] 觸發 Scout 掃描...
✅ [2026-03-14 02:29:06] [Daemon] Scout 掃描完成
✅ [2026-03-14 02:29:06] [Daemon] Scout 掃描完成
⚠️ [2026-03-14 02:29:11] [Daemon] ⚠️ 連續 2 次空掃描（掃描前=0, 掃描後=0）
⚠️ [2026-03-14 02:29:11] [Daemon] ⚠️ 連續 2 次空掃描（掃描前=0, 掃描後=0）
ℹ️ [2026-03-14 02:29:11] [Daemon] 統計: Scout 掃描 68 次
ℹ️ [2026-03-14 02:29:11] [Daemon] 統計: Scout 掃描 68 次
🔄 [2026-03-14 02:29:11] [Daemon] 檢查並啟動任務...
🔄 [2026-03-14 02:29:11] [Daemon] 檢查並啟動任務...
ℹ️ [2026-03-14 02:29:11] [Daemon] 並發檢查: 運行中=0, 可用=4, 最大=4
ℹ️ [2026-03-14 02:29:11] [Daemon] 並發檢查: 運行中=0, 可用=4, 最大=4
ℹ️ [2026-03-14 02:29:11] [Daemon] 沒有可啟動的任務
ℹ️ [2026-03-14 02:29:11] [Daemon] 沒有可啟動的任務
🔄 [2026-03-14 02:29:11] [Daemon] 等待 5 分鐘後繼續...
🔄 [2026-03-14 02:29:11] [Daemon] 等待 5 分鐘後繼續...
============================================================
🔄 [2026-03-14 02:34:11] [Daemon] 循環 #24
🔄 [2026-03-14 02:34:11] [Daemon] 循環 #24
============================================================
ℹ️ [2026-03-14 02:34:11] [Daemon] Scout 檢查: 待辦=0 (閾值=5), 間隔=15038.541857666665分鐘 (最小=30分鐘)
ℹ️ [2026-03-14 02:34:11] [Daemon] Scout 檢查: 待辦=0 (閾值=5), 間隔=15038.541857666665分鐘 (最小=30分鐘)
🔄 [2026-03-14 02:34:11] [Daemon] 觸發 Scout 掃描...
🔄 [2026-03-14 02:34:11] [Daemon] 觸發 Scout 掃描...
🔍 [2026-03-14 02:34:11] [Daemon] 觸發 Scout 掃描...
🔍 [2026-03-14 02:34:11] [Daemon] 觸發 Scout 掃描...
✅ [2026-03-14 02:34:12] [Daemon] Scout 掃描完成
✅ [2026-03-14 02:34:12] [Daemon] Scout 掃描完成
⚠️ [2026-03-14 02:34:17] [Daemon] ⚠️ 連續 3 次空掃描（掃描前=0, 掃描後=0）
⚠️ [2026-03-14 02:34:17] [Daemon] ⚠️ 連續 3 次空掃描（掃描前=0, 掃描後=0）
ℹ️ [2026-03-14 02:34:17] [Daemon] ⏸️  達到最大空掃描次數 (3)，暫停 30 分鐘
ℹ️ [2026-03-14 02:34:17] [Daemon] ⏸️  達到最大空掃描次數 (3)，暫停 30 分鐘
🔄 [2026-03-14 03:04:18] [Daemon] 循環 #25
🔄 [2026-03-14 03:04:18] [Daemon] 循環 #25
============================================================
ℹ️ [2026-03-14 03:04:18] [Daemon] Scout 檢查: 待辦=0 (閾值=5), 間隔=15068.652725416667分鐘 (最小=30分鐘)
ℹ️ [2026-03-14 03:04:18] [Daemon] Scout 檢查: 待辦=0 (閾值=5), 間隔=15068.652725416667分鐘 (最小=30分鐘)
🔄 [2026-03-14 03:04:18] [Daemon] 觸發 Scout 掃描...
🔄 [2026-03-14 03:04:18] [Daemon] 觸發 Scout 掃描...
🔍 [2026-03-14 03:04:18] [Daemon] 觸發 Scout 掃描...
🔍 [2026-03-14 03:04:18] [Daemon] 觸發 Scout 掃描...
✅ [2026-03-14 03:04:19] [Daemon] Scout 掃描完成
✅ [2026-03-14 03:04:19] [Daemon] Scout 掃描完成
⚠️ [2026-03-14 03:04:24] [Daemon] ⚠️ 連續 1 次空掃描（掃描前=0, 掃描後=0）
⚠️ [2026-03-14 03:04:24] [Daemon] ⚠️ 連續 1 次空掃描（掃描前=0, 掃描後=0）
ℹ️ [2026-03-14 03:04:24] [Daemon] 統計: Scout 掃描 69 次
ℹ️ [2026-03-14 03:04:24] [Daemon] 統計: Scout 掃描 69 次
🔄 [2026-03-14 03:04:24] [Daemon] 檢查並啟動任務...
🔄 [2026-03-14 03:04:24] [Daemon] 檢查並啟動任務...
ℹ️ [2026-03-14 03:04:24] [Daemon] 並發檢查: 運行中=0, 可用=4, 最大=4
ℹ️ [2026-03-14 03:04:24] [Daemon] 並發檢查: 運行中=0, 可用=4, 最大=4
ℹ️ [2026-03-14 03:04:24] [Daemon] 沒有可啟動的任務
ℹ️ [2026-03-14 03:04:24] [Daemon] 沒有可啟動的任務
🔄 [2026-03-14 03:04:24] [Daemon] 等待 5 分鐘後繼續...
🔄 [2026-03-14 03:04:24] [Daemon] 等待 5 分鐘後繼續...
============================================================
🔄 [2026-03-14 03:09:24] [Daemon] 循環 #26
🔄 [2026-03-14 03:09:24] [Daemon] 循環 #26
============================================================
ℹ️ [2026-03-14 03:09:24] [Daemon] Scout 檢查: 待辦=0 (閾值=5), 間隔=15073.76361075分鐘 (最小=30分鐘)
ℹ️ [2026-03-14 03:09:24] [Daemon] Scout 檢查: 待辦=0 (閾值=5), 間隔=15073.76361075分鐘 (最小=30分鐘)
🔄 [2026-03-14 03:09:24] [Daemon] 觸發 Scout 掃描...
🔄 [2026-03-14 03:09:24] [Daemon] 觸發 Scout 掃描...
🔍 [2026-03-14 03:09:24] [Daemon] 觸發 Scout 掃描...
🔍 [2026-03-14 03:09:24] [Daemon] 觸發 Scout 掃描...
✅ [2026-03-14 03:09:26] [Daemon] Scout 掃描完成
✅ [2026-03-14 03:09:26] [Daemon] Scout 掃描完成
⚠️ [2026-03-14 03:09:31] [Daemon] ⚠️ 連續 2 次空掃描（掃描前=0, 掃描後=0）
⚠️ [2026-03-14 03:09:31] [Daemon] ⚠️ 連續 2 次空掃描（掃描前=0, 掃描後=0）
ℹ️ [2026-03-14 03:09:31] [Daemon] 統計: Scout 掃描 70 次
ℹ️ [2026-03-14 03:09:31] [Daemon] 統計: Scout 掃描 70 次
🔄 [2026-03-14 03:09:31] [Daemon] 檢查並啟動任務...
🔄 [2026-03-14 03:09:31] [Daemon] 檢查並啟動任務...
ℹ️ [2026-03-14 03:09:31] [Daemon] 並發檢查: 運行中=0, 可用=4, 最大=4
ℹ️ [2026-03-14 03:09:31] [Daemon] 並發檢查: 運行中=0, 可用=4, 最大=4
ℹ️ [2026-03-14 03:09:31] [Daemon] 沒有可啟動的任務
ℹ️ [2026-03-14 03:09:31] [Daemon] 沒有可啟動的任務
🔄 [2026-03-14 03:09:31] [Daemon] 等待 5 分鐘後繼續...
🔄 [2026-03-14 03:09:31] [Daemon] 等待 5 分鐘後繼續...
============================================================
🔄 [2026-03-14 03:14:31] [Daemon] 循環 #27
🔄 [2026-03-14 03:14:31] [Daemon] 循環 #27
============================================================
ℹ️ [2026-03-14 03:14:31] [Daemon] Scout 檢查: 待辦=0 (閾值=5), 間隔=15078.876901200001分鐘 (最小=30分鐘)
ℹ️ [2026-03-14 03:14:31] [Daemon] Scout 檢查: 待辦=0 (閾值=5), 間隔=15078.876901200001分鐘 (最小=30分鐘)
🔄 [2026-03-14 03:14:31] [Daemon] 觸發 Scout 掃描...
🔄 [2026-03-14 03:14:31] [Daemon] 觸發 Scout 掃描...
🔍 [2026-03-14 03:14:31] [Daemon] 觸發 Scout 掃描...
🔍 [2026-03-14 03:14:31] [Daemon] 觸發 Scout 掃描...
✅ [2026-03-14 03:14:33] [Daemon] Scout 掃描完成
✅ [2026-03-14 03:14:33] [Daemon] Scout 掃描完成
⚠️ [2026-03-14 03:14:38] [Daemon] ⚠️ 連續 3 次空掃描（掃描前=0, 掃描後=0）
⚠️ [2026-03-14 03:14:38] [Daemon] ⚠️ 連續 3 次空掃描（掃描前=0, 掃描後=0）
ℹ️ [2026-03-14 03:14:38] [Daemon] ⏸️  達到最大空掃描次數 (3)，暫停 30 分鐘
ℹ️ [2026-03-14 03:14:38] [Daemon] ⏸️  達到最大空掃描次數 (3)，暫停 30 分鐘
🔄 [2026-03-14 03:44:38] [Daemon] 循環 #28
🔄 [2026-03-14 03:44:38] [Daemon] 循環 #28
============================================================
ℹ️ [2026-03-14 03:44:38] [Daemon] Scout 檢查: 待辦=0 (閾值=5), 間隔=15108.989717816667分鐘 (最小=30分鐘)
ℹ️ [2026-03-14 03:44:38] [Daemon] Scout 檢查: 待辦=0 (閾值=5), 間隔=15108.989717816667分鐘 (最小=30分鐘)
🔄 [2026-03-14 03:44:38] [Daemon] 觸發 Scout 掃描...
🔄 [2026-03-14 03:44:38] [Daemon] 觸發 Scout 掃描...
🔍 [2026-03-14 03:44:38] [Daemon] 觸發 Scout 掃描...
🔍 [2026-03-14 03:44:38] [Daemon] 觸發 Scout 掃描...
✅ [2026-03-14 03:44:39] [Daemon] Scout 掃描完成
✅ [2026-03-14 03:44:39] [Daemon] Scout 掃描完成
⚠️ [2026-03-14 03:44:44] [Daemon] ⚠️ 連續 1 次空掃描（掃描前=0, 掃描後=0）
⚠️ [2026-03-14 03:44:44] [Daemon] ⚠️ 連續 1 次空掃描（掃描前=0, 掃描後=0）
ℹ️ [2026-03-14 03:44:44] [Daemon] 統計: Scout 掃描 71 次
ℹ️ [2026-03-14 03:44:44] [Daemon] 統計: Scout 掃描 71 次
🔄 [2026-03-14 03:44:44] [Daemon] 檢查並啟動任務...
🔄 [2026-03-14 03:44:44] [Daemon] 檢查並啟動任務...
ℹ️ [2026-03-14 03:44:44] [Daemon] 並發檢查: 運行中=0, 可用=4, 最大=4
ℹ️ [2026-03-14 03:44:44] [Daemon] 並發檢查: 運行中=0, 可用=4, 最大=4
ℹ️ [2026-03-14 03:44:44] [Daemon] 沒有可啟動的任務
ℹ️ [2026-03-14 03:44:44] [Daemon] 沒有可啟動的任務
🔄 [2026-03-14 03:44:44] [Daemon] 等待 5 分鐘後繼續...
🔄 [2026-03-14 03:44:44] [Daemon] 等待 5 分鐘後繼續...
============================================================
🔄 [2026-03-14 03:49:45] [Daemon] 循環 #29
🔄 [2026-03-14 03:49:45] [Daemon] 循環 #29
============================================================
ℹ️ [2026-03-14 03:49:45] [Daemon] Scout 檢查: 待辦=0 (閾值=5), 間隔=15114.101164966667分鐘 (最小=30分鐘)
ℹ️ [2026-03-14 03:49:45] [Daemon] Scout 檢查: 待辦=0 (閾值=5), 間隔=15114.101164966667分鐘 (最小=30分鐘)
🔄 [2026-03-14 03:49:45] [Daemon] 觸發 Scout 掃描...
🔄 [2026-03-14 03:49:45] [Daemon] 觸發 Scout 掃描...
🔍 [2026-03-14 03:49:45] [Daemon] 觸發 Scout 掃描...
🔍 [2026-03-14 03:49:45] [Daemon] 觸發 Scout 掃描...
✅ [2026-03-14 03:49:46] [Daemon] Scout 掃描完成
✅ [2026-03-14 03:49:46] [Daemon] Scout 掃描完成
⚠️ [2026-03-14 03:49:51] [Daemon] ⚠️ 連續 2 次空掃描（掃描前=0, 掃描後=0）
⚠️ [2026-03-14 03:49:51] [Daemon] ⚠️ 連續 2 次空掃描（掃描前=0, 掃描後=0）
ℹ️ [2026-03-14 03:49:51] [Daemon] 統計: Scout 掃描 72 次
ℹ️ [2026-03-14 03:49:51] [Daemon] 統計: Scout 掃描 72 次
🔄 [2026-03-14 03:49:51] [Daemon] 檢查並啟動任務...
🔄 [2026-03-14 03:49:51] [Daemon] 檢查並啟動任務...
ℹ️ [2026-03-14 03:49:51] [Daemon] 並發檢查: 運行中=0, 可用=4, 最大=4
ℹ️ [2026-03-14 03:49:51] [Daemon] 並發檢查: 運行中=0, 可用=4, 最大=4
ℹ️ [2026-03-14 03:49:51] [Daemon] 沒有可啟動的任務
ℹ️ [2026-03-14 03:49:51] [Daemon] 沒有可啟動的任務
🔄 [2026-03-14 03:49:51] [Daemon] 等待 5 分鐘後繼續...
🔄 [2026-03-14 03:49:51] [Daemon] 等待 5 分鐘後繼續...
============================================================
🔄 [2026-03-14 03:54:51] [Daemon] 循環 #30
🔄 [2026-03-14 03:54:51] [Daemon] 循環 #30
============================================================
ℹ️ [2026-03-14 03:54:51] [Daemon] Scout 檢查: 待辦=0 (閾值=5), 間隔=15119.20753195分鐘 (最小=30分鐘)
ℹ️ [2026-03-14 03:54:51] [Daemon] Scout 檢查: 待辦=0 (閾值=5), 間隔=15119.20753195分鐘 (最小=30分鐘)
🔄 [2026-03-14 03:54:51] [Daemon] 觸發 Scout 掃描...
🔄 [2026-03-14 03:54:51] [Daemon] 觸發 Scout 掃描...
🔍 [2026-03-14 03:54:51] [Daemon] 觸發 Scout 掃描...
🔍 [2026-03-14 03:54:51] [Daemon] 觸發 Scout 掃描...
✅ [2026-03-14 03:54:52] [Daemon] Scout 掃描完成
✅ [2026-03-14 03:54:52] [Daemon] Scout 掃描完成
⚠️ [2026-03-14 03:54:57] [Daemon] ⚠️ 連續 3 次空掃描（掃描前=0, 掃描後=0）
⚠️ [2026-03-14 03:54:57] [Daemon] ⚠️ 連續 3 次空掃描（掃描前=0, 掃描後=0）
ℹ️ [2026-03-14 03:54:57] [Daemon] ⏸️  達到最大空掃描次數 (3)，暫停 30 分鐘
ℹ️ [2026-03-14 03:54:57] [Daemon] ⏸️  達到最大空掃描次數 (3)，暫停 30 分鐘
🔄 [2026-03-14 04:24:57] [Daemon] 循環 #31
🔄 [2026-03-14 04:24:57] [Daemon] 循環 #31
============================================================
ℹ️ [2026-03-14 04:24:57] [Daemon] Scout 檢查: 待辦=0 (閾值=5), 間隔=15149.315653650001分鐘 (最小=30分鐘)
ℹ️ [2026-03-14 04:24:57] [Daemon] Scout 檢查: 待辦=0 (閾值=5), 間隔=15149.315653650001分鐘 (最小=30分鐘)
🔄 [2026-03-14 04:24:57] [Daemon] 觸發 Scout 掃描...
🔄 [2026-03-14 04:24:57] [Daemon] 觸發 Scout 掃描...
🔍 [2026-03-14 04:24:57] [Daemon] 觸發 Scout 掃描...
🔍 [2026-03-14 04:24:57] [Daemon] 觸發 Scout 掃描...
✅ [2026-03-14 04:24:59] [Daemon] Scout 掃描完成
✅ [2026-03-14 04:24:59] [Daemon] Scout 掃描完成
⚠️ [2026-03-14 04:25:04] [Daemon] ⚠️ 連續 1 次空掃描（掃描前=0, 掃描後=0）
⚠️ [2026-03-14 04:25:04] [Daemon] ⚠️ 連續 1 次空掃描（掃描前=0, 掃描後=0）
ℹ️ [2026-03-14 04:25:04] [Daemon] 統計: Scout 掃描 73 次
ℹ️ [2026-03-14 04:25:04] [Daemon] 統計: Scout 掃描 73 次
🔄 [2026-03-14 04:25:04] [Daemon] 檢查並啟動任務...
🔄 [2026-03-14 04:25:04] [Daemon] 檢查並啟動任務...
ℹ️ [2026-03-14 04:25:04] [Daemon] 並發檢查: 運行中=0, 可用=4, 最大=4
ℹ️ [2026-03-14 04:25:04] [Daemon] 並發檢查: 運行中=0, 可用=4, 最大=4
ℹ️ [2026-03-14 04:25:04] [Daemon] 沒有可啟動的任務
ℹ️ [2026-03-14 04:25:04] [Daemon] 沒有可啟動的任務
🔄 [2026-03-14 04:25:04] [Daemon] 等待 5 分鐘後繼續...
🔄 [2026-03-14 04:25:04] [Daemon] 等待 5 分鐘後繼續...
============================================================
🔄 [2026-03-14 04:30:04] [Daemon] 循環 #32
🔄 [2026-03-14 04:30:04] [Daemon] 循環 #32
============================================================
ℹ️ [2026-03-14 04:30:04] [Daemon] Scout 檢查: 待辦=0 (閾值=5), 間隔=15154.426318916667分鐘 (最小=30分鐘)
ℹ️ [2026-03-14 04:30:04] [Daemon] Scout 檢查: 待辦=0 (閾值=5), 間隔=15154.426318916667分鐘 (最小=30分鐘)
🔄 [2026-03-14 04:30:04] [Daemon] 觸發 Scout 掃描...
🔄 [2026-03-14 04:30:04] [Daemon] 觸發 Scout 掃描...
🔍 [2026-03-14 04:30:04] [Daemon] 觸發 Scout 掃描...
🔍 [2026-03-14 04:30:04] [Daemon] 觸發 Scout 掃描...
✅ [2026-03-14 04:30:06] [Daemon] Scout 掃描完成
✅ [2026-03-14 04:30:06] [Daemon] Scout 掃描完成
⚠️ [2026-03-14 04:30:11] [Daemon] ⚠️ 連續 2 次空掃描（掃描前=0, 掃描後=0）
⚠️ [2026-03-14 04:30:11] [Daemon] ⚠️ 連續 2 次空掃描（掃描前=0, 掃描後=0）
ℹ️ [2026-03-14 04:30:11] [Daemon] 統計: Scout 掃描 74 次
ℹ️ [2026-03-14 04:30:11] [Daemon] 統計: Scout 掃描 74 次
🔄 [2026-03-14 04:30:11] [Daemon] 檢查並啟動任務...
🔄 [2026-03-14 04:30:11] [Daemon] 檢查並啟動任務...
ℹ️ [2026-03-14 04:30:11] [Daemon] 並發檢查: 運行中=0, 可用=4, 最大=4
ℹ️ [2026-03-14 04:30:11] [Daemon] 並發檢查: 運行中=0, 可用=4, 最大=4
ℹ️ [2026-03-14 04:30:11] [Daemon] 沒有可啟動的任務
ℹ️ [2026-03-14 04:30:11] [Daemon] 沒有可啟動的任務
🔄 [2026-03-14 04:30:11] [Daemon] 等待 5 分鐘後繼續...
🔄 [2026-03-14 04:30:11] [Daemon] 等待 5 分鐘後繼續...
============================================================
🔄 [2026-03-14 04:35:11] [Daemon] 循環 #33
🔄 [2026-03-14 04:35:11] [Daemon] 循環 #33
============================================================
ℹ️ [2026-03-14 04:35:11] [Daemon] Scout 檢查: 待辦=0 (閾值=5), 間隔=15159.540302866666分鐘 (最小=30分鐘)
ℹ️ [2026-03-14 04:35:11] [Daemon] Scout 檢查: 待辦=0 (閾值=5), 間隔=15159.540302866666分鐘 (最小=30分鐘)
🔄 [2026-03-14 04:35:11] [Daemon] 觸發 Scout 掃描...
🔄 [2026-03-14 04:35:11] [Daemon] 觸發 Scout 掃描...
🔍 [2026-03-14 04:35:11] [Daemon] 觸發 Scout 掃描...
🔍 [2026-03-14 04:35:11] [Daemon] 觸發 Scout 掃描...
✅ [2026-03-14 04:35:12] [Daemon] Scout 掃描完成
✅ [2026-03-14 04:35:12] [Daemon] Scout 掃描完成
⚠️ [2026-03-14 04:35:17] [Daemon] ⚠️ 連續 3 次空掃描（掃描前=0, 掃描後=0）
⚠️ [2026-03-14 04:35:17] [Daemon] ⚠️ 連續 3 次空掃描（掃描前=0, 掃描後=0）
ℹ️ [2026-03-14 04:35:17] [Daemon] ⏸️  達到最大空掃描次數 (3)，暫停 30 分鐘
ℹ️ [2026-03-14 04:35:17] [Daemon] ⏸️  達到最大空掃描次數 (3)，暫停 30 分鐘
🔄 [2026-03-14 05:05:15] [Daemon] 循環 #34
🔄 [2026-03-14 05:05:15] [Daemon] 循環 #34
============================================================
ℹ️ [2026-03-14 05:05:15] [Daemon] Scout 檢查: 待辦=0 (閾值=5), 間隔=15189.615933033334分鐘 (最小=30分鐘)
ℹ️ [2026-03-14 05:05:15] [Daemon] Scout 檢查: 待辦=0 (閾值=5), 間隔=15189.615933033334分鐘 (最小=30分鐘)
🔄 [2026-03-14 05:05:15] [Daemon] 觸發 Scout 掃描...
🔄 [2026-03-14 05:05:15] [Daemon] 觸發 Scout 掃描...
🔍 [2026-03-14 05:05:15] [Daemon] 觸發 Scout 掃描...
🔍 [2026-03-14 05:05:15] [Daemon] 觸發 Scout 掃描...
✅ [2026-03-14 05:05:17] [Daemon] Scout 掃描完成
✅ [2026-03-14 05:05:17] [Daemon] Scout 掃描完成
⚠️ [2026-03-14 05:05:22] [Daemon] ⚠️ 連續 1 次空掃描（掃描前=0, 掃描後=0）
⚠️ [2026-03-14 05:05:22] [Daemon] ⚠️ 連續 1 次空掃描（掃描前=0, 掃描後=0）
ℹ️ [2026-03-14 05:05:22] [Daemon] 統計: Scout 掃描 75 次
ℹ️ [2026-03-14 05:05:22] [Daemon] 統計: Scout 掃描 75 次
🔄 [2026-03-14 05:05:22] [Daemon] 檢查並啟動任務...
🔄 [2026-03-14 05:05:22] [Daemon] 檢查並啟動任務...
ℹ️ [2026-03-14 05:05:22] [Daemon] 並發檢查: 運行中=0, 可用=4, 最大=4
ℹ️ [2026-03-14 05:05:22] [Daemon] 並發檢查: 運行中=0, 可用=4, 最大=4
ℹ️ [2026-03-14 05:05:22] [Daemon] 沒有可啟動的任務
ℹ️ [2026-03-14 05:05:22] [Daemon] 沒有可啟動的任務
🔄 [2026-03-14 05:05:22] [Daemon] 等待 5 分鐘後繼續...
🔄 [2026-03-14 05:05:22] [Daemon] 等待 5 分鐘後繼續...
============================================================
🔄 [2026-03-14 05:10:22] [Daemon] 循環 #35
🔄 [2026-03-14 05:10:22] [Daemon] 循環 #35
============================================================
ℹ️ [2026-03-14 05:10:22] [Daemon] Scout 檢查: 待辦=0 (閾值=5), 間隔=15194.726458116667分鐘 (最小=30分鐘)
ℹ️ [2026-03-14 05:10:22] [Daemon] Scout 檢查: 待辦=0 (閾值=5), 間隔=15194.726458116667分鐘 (最小=30分鐘)
🔄 [2026-03-14 05:10:22] [Daemon] 觸發 Scout 掃描...
🔄 [2026-03-14 05:10:22] [Daemon] 觸發 Scout 掃描...
🔍 [2026-03-14 05:10:22] [Daemon] 觸發 Scout 掃描...
🔍 [2026-03-14 05:10:22] [Daemon] 觸發 Scout 掃描...
✅ [2026-03-14 05:10:24] [Daemon] Scout 掃描完成
✅ [2026-03-14 05:10:24] [Daemon] Scout 掃描完成
⚠️ [2026-03-14 05:10:29] [Daemon] ⚠️ 連續 2 次空掃描（掃描前=0, 掃描後=0）
⚠️ [2026-03-14 05:10:29] [Daemon] ⚠️ 連續 2 次空掃描（掃描前=0, 掃描後=0）
ℹ️ [2026-03-14 05:10:29] [Daemon] 統計: Scout 掃描 76 次
ℹ️ [2026-03-14 05:10:29] [Daemon] 統計: Scout 掃描 76 次
🔄 [2026-03-14 05:10:29] [Daemon] 檢查並啟動任務...
🔄 [2026-03-14 05:10:29] [Daemon] 檢查並啟動任務...
ℹ️ [2026-03-14 05:10:29] [Daemon] 並發檢查: 運行中=0, 可用=4, 最大=4
ℹ️ [2026-03-14 05:10:29] [Daemon] 並發檢查: 運行中=0, 可用=4, 最大=4
ℹ️ [2026-03-14 05:10:29] [Daemon] 沒有可啟動的任務
ℹ️ [2026-03-14 05:10:29] [Daemon] 沒有可啟動的任務
🔄 [2026-03-14 05:10:29] [Daemon] 等待 5 分鐘後繼續...
🔄 [2026-03-14 05:10:29] [Daemon] 等待 5 分鐘後繼續...
============================================================
🔄 [2026-03-14 05:15:31] [Daemon] 循環 #36
🔄 [2026-03-14 05:15:31] [Daemon] 循環 #36
============================================================
ℹ️ [2026-03-14 05:15:31] [Daemon] Scout 檢查: 待辦=0 (閾值=5), 間隔=15199.876250366668分鐘 (最小=30分鐘)
ℹ️ [2026-03-14 05:15:31] [Daemon] Scout 檢查: 待辦=0 (閾值=5), 間隔=15199.876250366668分鐘 (最小=30分鐘)
🔄 [2026-03-14 05:15:31] [Daemon] 觸發 Scout 掃描...
🔄 [2026-03-14 05:15:31] [Daemon] 觸發 Scout 掃描...
🔍 [2026-03-14 05:15:31] [Daemon] 觸發 Scout 掃描...
🔍 [2026-03-14 05:15:31] [Daemon] 觸發 Scout 掃描...
✅ [2026-03-14 05:15:32] [Daemon] Scout 掃描完成
✅ [2026-03-14 05:15:32] [Daemon] Scout 掃描完成
⚠️ [2026-03-14 05:15:38] [Daemon] ⚠️ 連續 3 次空掃描（掃描前=0, 掃描後=0）
⚠️ [2026-03-14 05:15:38] [Daemon] ⚠️ 連續 3 次空掃描（掃描前=0, 掃描後=0）
ℹ️ [2026-03-14 05:15:38] [Daemon] ⏸️  達到最大空掃描次數 (3)，暫停 30 分鐘
ℹ️ [2026-03-14 05:15:38] [Daemon] ⏸️  達到最大空掃描次數 (3)，暫停 30 分鐘
🔄 [2026-03-14 05:45:35] [Daemon] 循環 #37
🔄 [2026-03-14 05:45:35] [Daemon] 循環 #37
============================================================
ℹ️ [2026-03-14 05:45:35] [Daemon] Scout 檢查: 待辦=0 (閾值=5), 間隔=15229.94938295分鐘 (最小=30分鐘)
ℹ️ [2026-03-14 05:45:35] [Daemon] Scout 檢查: 待辦=0 (閾值=5), 間隔=15229.94938295分鐘 (最小=30分鐘)
🔄 [2026-03-14 05:45:35] [Daemon] 觸發 Scout 掃描...
🔄 [2026-03-14 05:45:35] [Daemon] 觸發 Scout 掃描...
🔍 [2026-03-14 05:45:35] [Daemon] 觸發 Scout 掃描...
🔍 [2026-03-14 05:45:35] [Daemon] 觸發 Scout 掃描...
✅ [2026-03-14 05:45:37] [Daemon] Scout 掃描完成
✅ [2026-03-14 05:45:37] [Daemon] Scout 掃描完成
⚠️ [2026-03-14 05:45:42] [Daemon] ⚠️ 連續 1 次空掃描（掃描前=0, 掃描後=0）
⚠️ [2026-03-14 05:45:42] [Daemon] ⚠️ 連續 1 次空掃描（掃描前=0, 掃描後=0）
ℹ️ [2026-03-14 05:45:42] [Daemon] 統計: Scout 掃描 77 次
ℹ️ [2026-03-14 05:45:42] [Daemon] 統計: Scout 掃描 77 次
🔄 [2026-03-14 05:45:42] [Daemon] 檢查並啟動任務...
🔄 [2026-03-14 05:45:42] [Daemon] 檢查並啟動任務...
ℹ️ [2026-03-14 05:45:42] [Daemon] 並發檢查: 運行中=0, 可用=4, 最大=4
ℹ️ [2026-03-14 05:45:42] [Daemon] 並發檢查: 運行中=0, 可用=4, 最大=4
ℹ️ [2026-03-14 05:45:42] [Daemon] 沒有可啟動的任務
ℹ️ [2026-03-14 05:45:42] [Daemon] 沒有可啟動的任務
🔄 [2026-03-14 05:45:42] [Daemon] 等待 5 分鐘後繼續...
🔄 [2026-03-14 05:45:42] [Daemon] 等待 5 分鐘後繼續...
============================================================
🔄 [2026-03-14 05:50:42] [Daemon] 循環 #38
🔄 [2026-03-14 05:50:42] [Daemon] 循環 #38
============================================================
ℹ️ [2026-03-14 05:50:42] [Daemon] Scout 檢查: 待辦=0 (閾值=5), 間隔=15235.0560555分鐘 (最小=30分鐘)
ℹ️ [2026-03-14 05:50:42] [Daemon] Scout 檢查: 待辦=0 (閾值=5), 間隔=15235.0560555分鐘 (最小=30分鐘)
🔄 [2026-03-14 05:50:42] [Daemon] 觸發 Scout 掃描...
🔄 [2026-03-14 05:50:42] [Daemon] 觸發 Scout 掃描...
🔍 [2026-03-14 05:50:42] [Daemon] 觸發 Scout 掃描...
🔍 [2026-03-14 05:50:42] [Daemon] 觸發 Scout 掃描...
✅ [2026-03-14 05:50:43] [Daemon] Scout 掃描完成
✅ [2026-03-14 05:50:43] [Daemon] Scout 掃描完成
⚠️ [2026-03-14 05:50:48] [Daemon] ⚠️ 連續 2 次空掃描（掃描前=0, 掃描後=0）
⚠️ [2026-03-14 05:50:48] [Daemon] ⚠️ 連續 2 次空掃描（掃描前=0, 掃描後=0）
ℹ️ [2026-03-14 05:50:48] [Daemon] 統計: Scout 掃描 78 次
ℹ️ [2026-03-14 05:50:48] [Daemon] 統計: Scout 掃描 78 次
🔄 [2026-03-14 05:50:48] [Daemon] 檢查並啟動任務...
🔄 [2026-03-14 05:50:48] [Daemon] 檢查並啟動任務...
ℹ️ [2026-03-14 05:50:48] [Daemon] 並發檢查: 運行中=0, 可用=4, 最大=4
ℹ️ [2026-03-14 05:50:48] [Daemon] 並發檢查: 運行中=0, 可用=4, 最大=4
ℹ️ [2026-03-14 05:50:48] [Daemon] 沒有可啟動的任務
ℹ️ [2026-03-14 05:50:48] [Daemon] 沒有可啟動的任務
🔄 [2026-03-14 05:50:48] [Daemon] 等待 5 分鐘後繼續...
🔄 [2026-03-14 05:50:48] [Daemon] 等待 5 分鐘後繼續...
============================================================
🔄 [2026-03-14 05:55:48] [Daemon] 循環 #39
🔄 [2026-03-14 05:55:48] [Daemon] 循環 #39
============================================================
ℹ️ [2026-03-14 05:55:48] [Daemon] Scout 檢查: 待辦=0 (閾值=5), 間隔=15240.164669383334分鐘 (最小=30分鐘)
ℹ️ [2026-03-14 05:55:48] [Daemon] Scout 檢查: 待辦=0 (閾值=5), 間隔=15240.164669383334分鐘 (最小=30分鐘)
🔄 [2026-03-14 05:55:48] [Daemon] 觸發 Scout 掃描...
🔄 [2026-03-14 05:55:48] [Daemon] 觸發 Scout 掃描...
🔍 [2026-03-14 05:55:48] [Daemon] 觸發 Scout 掃描...
🔍 [2026-03-14 05:55:48] [Daemon] 觸發 Scout 掃描...
✅ [2026-03-14 05:55:50] [Daemon] Scout 掃描完成
✅ [2026-03-14 05:55:50] [Daemon] Scout 掃描完成
⚠️ [2026-03-14 05:55:55] [Daemon] ⚠️ 連續 3 次空掃描（掃描前=0, 掃描後=0）
⚠️ [2026-03-14 05:55:55] [Daemon] ⚠️ 連續 3 次空掃描（掃描前=0, 掃描後=0）
ℹ️ [2026-03-14 05:55:55] [Daemon] ⏸️  達到最大空掃描次數 (3)，暫停 30 分鐘
ℹ️ [2026-03-14 05:55:55] [Daemon] ⏸️  達到最大空掃描次數 (3)，暫停 30 分鐘
🔄 [2026-03-14 06:25:57] [Daemon] 循環 #40
🔄 [2026-03-14 06:25:57] [Daemon] 循環 #40
============================================================
ℹ️ [2026-03-14 06:25:57] [Daemon] Scout 檢查: 待辦=0 (閾值=5), 間隔=15270.307661283332分鐘 (最小=30分鐘)
ℹ️ [2026-03-14 06:25:57] [Daemon] Scout 檢查: 待辦=0 (閾值=5), 間隔=15270.307661283332分鐘 (最小=30分鐘)
🔄 [2026-03-14 06:25:57] [Daemon] 觸發 Scout 掃描...
🔄 [2026-03-14 06:25:57] [Daemon] 觸發 Scout 掃描...
🔍 [2026-03-14 06:25:57] [Daemon] 觸發 Scout 掃描...
🔍 [2026-03-14 06:25:57] [Daemon] 觸發 Scout 掃描...
✅ [2026-03-14 06:25:58] [Daemon] Scout 掃描完成
✅ [2026-03-14 06:25:58] [Daemon] Scout 掃描完成
⚠️ [2026-03-14 06:26:03] [Daemon] ⚠️ 連續 1 次空掃描（掃描前=0, 掃描後=0）
⚠️ [2026-03-14 06:26:03] [Daemon] ⚠️ 連續 1 次空掃描（掃描前=0, 掃描後=0）
ℹ️ [2026-03-14 06:26:03] [Daemon] 統計: Scout 掃描 79 次
ℹ️ [2026-03-14 06:26:03] [Daemon] 統計: Scout 掃描 79 次
🔄 [2026-03-14 06:26:03] [Daemon] 檢查並啟動任務...
🔄 [2026-03-14 06:26:03] [Daemon] 檢查並啟動任務...
ℹ️ [2026-03-14 06:26:03] [Daemon] 並發檢查: 運行中=0, 可用=4, 最大=4
ℹ️ [2026-03-14 06:26:03] [Daemon] 並發檢查: 運行中=0, 可用=4, 最大=4
ℹ️ [2026-03-14 06:26:03] [Daemon] 沒有可啟動的任務
ℹ️ [2026-03-14 06:26:03] [Daemon] 沒有可啟動的任務
🔄 [2026-03-14 06:26:03] [Daemon] 等待 5 分鐘後繼續...
🔄 [2026-03-14 06:26:03] [Daemon] 等待 5 分鐘後繼續...
============================================================
🔄 [2026-03-14 06:31:04] [Daemon] 循環 #41
🔄 [2026-03-14 06:31:04] [Daemon] 循環 #41
============================================================
ℹ️ [2026-03-14 06:31:04] [Daemon] Scout 檢查: 待辦=0 (閾值=5), 間隔=15275.419205433334分鐘 (最小=30分鐘)
ℹ️ [2026-03-14 06:31:04] [Daemon] Scout 檢查: 待辦=0 (閾值=5), 間隔=15275.419205433334分鐘 (最小=30分鐘)
🔄 [2026-03-14 06:31:04] [Daemon] 觸發 Scout 掃描...
🔄 [2026-03-14 06:31:04] [Daemon] 觸發 Scout 掃描...
🔍 [2026-03-14 06:31:04] [Daemon] 觸發 Scout 掃描...
🔍 [2026-03-14 06:31:04] [Daemon] 觸發 Scout 掃描...
✅ [2026-03-14 06:31:05] [Daemon] Scout 掃描完成
✅ [2026-03-14 06:31:05] [Daemon] Scout 掃描完成
⚠️ [2026-03-14 06:31:11] [Daemon] ⚠️ 連續 2 次空掃描（掃描前=0, 掃描後=0）
⚠️ [2026-03-14 06:31:11] [Daemon] ⚠️ 連續 2 次空掃描（掃描前=0, 掃描後=0）
ℹ️ [2026-03-14 06:31:11] [Daemon] 統計: Scout 掃描 80 次
ℹ️ [2026-03-14 06:31:11] [Daemon] 統計: Scout 掃描 80 次
🔄 [2026-03-14 06:31:11] [Daemon] 檢查並啟動任務...
🔄 [2026-03-14 06:31:11] [Daemon] 檢查並啟動任務...
ℹ️ [2026-03-14 06:31:11] [Daemon] 並發檢查: 運行中=0, 可用=4, 最大=4
ℹ️ [2026-03-14 06:31:11] [Daemon] 並發檢查: 運行中=0, 可用=4, 最大=4
ℹ️ [2026-03-14 06:31:11] [Daemon] 沒有可啟動的任務
ℹ️ [2026-03-14 06:31:11] [Daemon] 沒有可啟動的任務
🔄 [2026-03-14 06:31:11] [Daemon] 等待 5 分鐘後繼續...
🔄 [2026-03-14 06:31:11] [Daemon] 等待 5 分鐘後繼續...
============================================================
🔄 [2026-03-14 06:36:11] [Daemon] 循環 #42
🔄 [2026-03-14 06:36:11] [Daemon] 循環 #42
============================================================
ℹ️ [2026-03-14 06:36:11] [Daemon] Scout 檢查: 待辦=0 (閾值=5), 間隔=15280.538451933333分鐘 (最小=30分鐘)
ℹ️ [2026-03-14 06:36:11] [Daemon] Scout 檢查: 待辦=0 (閾值=5), 間隔=15280.538451933333分鐘 (最小=30分鐘)
🔄 [2026-03-14 06:36:11] [Daemon] 觸發 Scout 掃描...
🔄 [2026-03-14 06:36:11] [Daemon] 觸發 Scout 掃描...
🔍 [2026-03-14 06:36:11] [Daemon] 觸發 Scout 掃描...
🔍 [2026-03-14 06:36:11] [Daemon] 觸發 Scout 掃描...
✅ [2026-03-14 06:36:12] [Daemon] Scout 掃描完成
✅ [2026-03-14 06:36:12] [Daemon] Scout 掃描完成
⚠️ [2026-03-14 06:36:17] [Daemon] ⚠️ 連續 3 次空掃描（掃描前=0, 掃描後=0）
⚠️ [2026-03-14 06:36:17] [Daemon] ⚠️ 連續 3 次空掃描（掃描前=0, 掃描後=0）
ℹ️ [2026-03-14 06:36:17] [Daemon] ⏸️  達到最大空掃描次數 (3)，暫停 30 分鐘
ℹ️ [2026-03-14 06:36:17] [Daemon] ⏸️  達到最大空掃描次數 (3)，暫停 30 分鐘
🔄 [2026-03-14 07:06:17] [Daemon] 循環 #43
🔄 [2026-03-14 07:06:17] [Daemon] 循環 #43
============================================================
ℹ️ [2026-03-14 07:06:17] [Daemon] Scout 檢查: 待辦=0 (閾值=5), 間隔=15310.645753333334分鐘 (最小=30分鐘)
ℹ️ [2026-03-14 07:06:17] [Daemon] Scout 檢查: 待辦=0 (閾值=5), 間隔=15310.645753333334分鐘 (最小=30分鐘)
🔄 [2026-03-14 07:06:17] [Daemon] 觸發 Scout 掃描...
🔄 [2026-03-14 07:06:17] [Daemon] 觸發 Scout 掃描...
🔍 [2026-03-14 07:06:17] [Daemon] 觸發 Scout 掃描...
🔍 [2026-03-14 07:06:17] [Daemon] 觸發 Scout 掃描...
✅ [2026-03-14 07:06:19] [Daemon] Scout 掃描完成
✅ [2026-03-14 07:06:19] [Daemon] Scout 掃描完成
⚠️ [2026-03-14 07:06:24] [Daemon] ⚠️ 連續 1 次空掃描（掃描前=0, 掃描後=0）
⚠️ [2026-03-14 07:06:24] [Daemon] ⚠️ 連續 1 次空掃描（掃描前=0, 掃描後=0）
ℹ️ [2026-03-14 07:06:24] [Daemon] 統計: Scout 掃描 81 次
ℹ️ [2026-03-14 07:06:24] [Daemon] 統計: Scout 掃描 81 次
🔄 [2026-03-14 07:06:24] [Daemon] 檢查並啟動任務...
🔄 [2026-03-14 07:06:24] [Daemon] 檢查並啟動任務...
ℹ️ [2026-03-14 07:06:24] [Daemon] 並發檢查: 運行中=0, 可用=4, 最大=4
ℹ️ [2026-03-14 07:06:24] [Daemon] 並發檢查: 運行中=0, 可用=4, 最大=4
ℹ️ [2026-03-14 07:06:24] [Daemon] 沒有可啟動的任務
ℹ️ [2026-03-14 07:06:24] [Daemon] 沒有可啟動的任務
🔄 [2026-03-14 07:06:24] [Daemon] 等待 5 分鐘後繼續...
🔄 [2026-03-14 07:06:24] [Daemon] 等待 5 分鐘後繼續...
============================================================
🔄 [2026-03-14 07:11:24] [Daemon] 循環 #44
🔄 [2026-03-14 07:11:24] [Daemon] 循環 #44
============================================================
ℹ️ [2026-03-14 07:11:24] [Daemon] Scout 檢查: 待辦=0 (閾值=5), 間隔=15315.756306316667分鐘 (最小=30分鐘)
ℹ️ [2026-03-14 07:11:24] [Daemon] Scout 檢查: 待辦=0 (閾值=5), 間隔=15315.756306316667分鐘 (最小=30分鐘)
🔄 [2026-03-14 07:11:24] [Daemon] 觸發 Scout 掃描...
🔄 [2026-03-14 07:11:24] [Daemon] 觸發 Scout 掃描...
🔍 [2026-03-14 07:11:24] [Daemon] 觸發 Scout 掃描...
🔍 [2026-03-14 07:11:24] [Daemon] 觸發 Scout 掃描...
✅ [2026-03-14 07:11:26] [Daemon] Scout 掃描完成
✅ [2026-03-14 07:11:26] [Daemon] Scout 掃描完成
⚠️ [2026-03-14 07:11:31] [Daemon] ⚠️ 連續 2 次空掃描（掃描前=0, 掃描後=0）
⚠️ [2026-03-14 07:11:31] [Daemon] ⚠️ 連續 2 次空掃描（掃描前=0, 掃描後=0）
ℹ️ [2026-03-14 07:11:31] [Daemon] 統計: Scout 掃描 82 次
ℹ️ [2026-03-14 07:11:31] [Daemon] 統計: Scout 掃描 82 次
🔄 [2026-03-14 07:11:31] [Daemon] 檢查並啟動任務...
🔄 [2026-03-14 07:11:31] [Daemon] 檢查並啟動任務...
ℹ️ [2026-03-14 07:11:31] [Daemon] 並發檢查: 運行中=0, 可用=4, 最大=4
ℹ️ [2026-03-14 07:11:31] [Daemon] 並發檢查: 運行中=0, 可用=4, 最大=4
ℹ️ [2026-03-14 07:11:31] [Daemon] 沒有可啟動的任務
ℹ️ [2026-03-14 07:11:31] [Daemon] 沒有可啟動的任務
🔄 [2026-03-14 07:11:31] [Daemon] 等待 5 分鐘後繼續...
🔄 [2026-03-14 07:11:31] [Daemon] 等待 5 分鐘後繼續...
============================================================
🔄 [2026-03-14 07:16:31] [Daemon] 循環 #45
🔄 [2026-03-14 07:16:31] [Daemon] 循環 #45
============================================================
ℹ️ [2026-03-14 07:16:31] [Daemon] Scout 檢查: 待辦=0 (閾值=5), 間隔=15320.876660433334分鐘 (最小=30分鐘)
ℹ️ [2026-03-14 07:16:31] [Daemon] Scout 檢查: 待辦=0 (閾值=5), 間隔=15320.876660433334分鐘 (最小=30分鐘)
🔄 [2026-03-14 07:16:31] [Daemon] 觸發 Scout 掃描...
🔄 [2026-03-14 07:16:31] [Daemon] 觸發 Scout 掃描...
🔍 [2026-03-14 07:16:31] [Daemon] 觸發 Scout 掃描...
🔍 [2026-03-14 07:16:31] [Daemon] 觸發 Scout 掃描...
✅ [2026-03-14 07:16:32] [Daemon] Scout 掃描完成
✅ [2026-03-14 07:16:32] [Daemon] Scout 掃描完成
⚠️ [2026-03-14 07:16:38] [Daemon] ⚠️ 連續 3 次空掃描（掃描前=0, 掃描後=0）
⚠️ [2026-03-14 07:16:38] [Daemon] ⚠️ 連續 3 次空掃描（掃描前=0, 掃描後=0）
ℹ️ [2026-03-14 07:16:38] [Daemon] ⏸️  達到最大空掃描次數 (3)，暫停 30 分鐘
ℹ️ [2026-03-14 07:16:38] [Daemon] ⏸️  達到最大空掃描次數 (3)，暫停 30 分鐘
🔄 [2026-03-14 07:46:38] [Daemon] 循環 #46
🔄 [2026-03-14 07:46:38] [Daemon] 循環 #46
============================================================
ℹ️ [2026-03-14 07:46:38] [Daemon] Scout 檢查: 待辦=0 (閾值=5), 間隔=15350.986431633333分鐘 (最小=30分鐘)
ℹ️ [2026-03-14 07:46:38] [Daemon] Scout 檢查: 待辦=0 (閾值=5), 間隔=15350.986431633333分鐘 (最小=30分鐘)
🔄 [2026-03-14 07:46:38] [Daemon] 觸發 Scout 掃描...
🔄 [2026-03-14 07:46:38] [Daemon] 觸發 Scout 掃描...
🔍 [2026-03-14 07:46:38] [Daemon] 觸發 Scout 掃描...
🔍 [2026-03-14 07:46:38] [Daemon] 觸發 Scout 掃描...
✅ [2026-03-14 07:46:39] [Daemon] Scout 掃描完成
✅ [2026-03-14 07:46:39] [Daemon] Scout 掃描完成
⚠️ [2026-03-14 07:46:44] [Daemon] ⚠️ 連續 1 次空掃描（掃描前=0, 掃描後=0）
⚠️ [2026-03-14 07:46:44] [Daemon] ⚠️ 連續 1 次空掃描（掃描前=0, 掃描後=0）
ℹ️ [2026-03-14 07:46:44] [Daemon] 統計: Scout 掃描 83 次
ℹ️ [2026-03-14 07:46:44] [Daemon] 統計: Scout 掃描 83 次
🔄 [2026-03-14 07:46:44] [Daemon] 檢查並啟動任務...
🔄 [2026-03-14 07:46:44] [Daemon] 檢查並啟動任務...
ℹ️ [2026-03-14 07:46:44] [Daemon] 並發檢查: 運行中=0, 可用=4, 最大=4
ℹ️ [2026-03-14 07:46:44] [Daemon] 並發檢查: 運行中=0, 可用=4, 最大=4
ℹ️ [2026-03-14 07:46:44] [Daemon] 沒有可啟動的任務
ℹ️ [2026-03-14 07:46:44] [Daemon] 沒有可啟動的任務
🔄 [2026-03-14 07:46:44] [Daemon] 等待 5 分鐘後繼續...
🔄 [2026-03-14 07:46:44] [Daemon] 等待 5 分鐘後繼續...
============================================================
🔄 [2026-03-14 07:51:44] [Daemon] 循環 #47
🔄 [2026-03-14 07:51:44] [Daemon] 循環 #47
============================================================
ℹ️ [2026-03-14 07:51:44] [Daemon] Scout 檢查: 待辦=0 (閾值=5), 間隔=15356.097019616665分鐘 (最小=30分鐘)
ℹ️ [2026-03-14 07:51:44] [Daemon] Scout 檢查: 待辦=0 (閾值=5), 間隔=15356.097019616665分鐘 (最小=30分鐘)
🔄 [2026-03-14 07:51:44] [Daemon] 觸發 Scout 掃描...
🔄 [2026-03-14 07:51:44] [Daemon] 觸發 Scout 掃描...
🔍 [2026-03-14 07:51:44] [Daemon] 觸發 Scout 掃描...
🔍 [2026-03-14 07:51:44] [Daemon] 觸發 Scout 掃描...
✅ [2026-03-14 07:51:46] [Daemon] Scout 掃描完成
✅ [2026-03-14 07:51:46] [Daemon] Scout 掃描完成
⚠️ [2026-03-14 07:51:51] [Daemon] ⚠️ 連續 2 次空掃描（掃描前=0, 掃描後=0）
⚠️ [2026-03-14 07:51:51] [Daemon] ⚠️ 連續 2 次空掃描（掃描前=0, 掃描後=0）
ℹ️ [2026-03-14 07:51:51] [Daemon] 統計: Scout 掃描 84 次
ℹ️ [2026-03-14 07:51:51] [Daemon] 統計: Scout 掃描 84 次
🔄 [2026-03-14 07:51:51] [Daemon] 檢查並啟動任務...
🔄 [2026-03-14 07:51:51] [Daemon] 檢查並啟動任務...
ℹ️ [2026-03-14 07:51:51] [Daemon] 並發檢查: 運行中=0, 可用=4, 最大=4
ℹ️ [2026-03-14 07:51:51] [Daemon] 並發檢查: 運行中=0, 可用=4, 最大=4
ℹ️ [2026-03-14 07:51:51] [Daemon] 沒有可啟動的任務
ℹ️ [2026-03-14 07:51:51] [Daemon] 沒有可啟動的任務
🔄 [2026-03-14 07:51:51] [Daemon] 等待 5 分鐘後繼續...
🔄 [2026-03-14 07:51:51] [Daemon] 等待 5 分鐘後繼續...
============================================================
🔄 [2026-03-14 07:56:51] [Daemon] 循環 #48
🔄 [2026-03-14 07:56:51] [Daemon] 循環 #48
============================================================
ℹ️ [2026-03-14 07:56:51] [Daemon] Scout 檢查: 待辦=0 (閾值=5), 間隔=15361.208041183334分鐘 (最小=30分鐘)
ℹ️ [2026-03-14 07:56:51] [Daemon] Scout 檢查: 待辦=0 (閾值=5), 間隔=15361.208041183334分鐘 (最小=30分鐘)
🔄 [2026-03-14 07:56:51] [Daemon] 觸發 Scout 掃描...
🔄 [2026-03-14 07:56:51] [Daemon] 觸發 Scout 掃描...
🔍 [2026-03-14 07:56:51] [Daemon] 觸發 Scout 掃描...
🔍 [2026-03-14 07:56:51] [Daemon] 觸發 Scout 掃描...
✅ [2026-03-14 07:56:52] [Daemon] Scout 掃描完成
✅ [2026-03-14 07:56:52] [Daemon] Scout 掃描完成
⚠️ [2026-03-14 07:56:57] [Daemon] ⚠️ 連續 3 次空掃描（掃描前=0, 掃描後=0）
⚠️ [2026-03-14 07:56:57] [Daemon] ⚠️ 連續 3 次空掃描（掃描前=0, 掃描後=0）
ℹ️ [2026-03-14 07:56:57] [Daemon] ⏸️  達到最大空掃描次數 (3)，暫停 30 分鐘
ℹ️ [2026-03-14 07:56:57] [Daemon] ⏸️  達到最大空掃描次數 (3)，暫停 30 分鐘
🔄 [2026-03-14 08:26:57] [Daemon] 循環 #49
🔄 [2026-03-14 08:26:57] [Daemon] 循環 #49
============================================================
ℹ️ [2026-03-14 08:26:57] [Daemon] ⏰ 非深夜時段，暫停監控（等待 30 分鐘）
ℹ️ [2026-03-14 08:26:57] [Daemon] ⏰ 非深夜時段，暫停監控（等待 30 分鐘）
🔄 [2026-03-14 08:56:58] [Daemon] 循環 #50
🔄 [2026-03-14 08:56:58] [Daemon] 循環 #50
============================================================
ℹ️ [2026-03-14 08:56:58] [Daemon] ⏰ 非深夜時段，暫停監控（等待 30 分鐘）
ℹ️ [2026-03-14 08:56:58] [Daemon] ⏰ 非深夜時段，暫停監控（等待 30 分鐘）
🔄 [2026-03-14 09:26:58] [Daemon] 循環 #51
🔄 [2026-03-14 09:26:58] [Daemon] 循環 #51
============================================================
ℹ️ [2026-03-14 09:26:58] [Daemon] ⏰ 非深夜時段，暫停監控（等待 30 分鐘）
ℹ️ [2026-03-14 09:26:58] [Daemon] ⏰ 非深夜時段，暫停監控（等待 30 分鐘）
🔄 [2026-03-14 09:56:58] [Daemon] 循環 #52
🔄 [2026-03-14 09:56:58] [Daemon] 循環 #52
============================================================
ℹ️ [2026-03-14 09:56:58] [Daemon] ⏰ 非深夜時段，暫停監控（等待 30 分鐘）
ℹ️ [2026-03-14 09:56:58] [Daemon] ⏰ 非深夜時段，暫停監控（等待 30 分鐘）
🔄 [2026-03-14 10:26:58] [Daemon] 循環 #53
🔄 [2026-03-14 10:26:58] [Daemon] 循環 #53
============================================================
ℹ️ [2026-03-14 10:26:58] [Daemon] ⏰ 非深夜時段，暫停監控（等待 30 分鐘）
ℹ️ [2026-03-14 10:26:58] [Daemon] ⏰ 非深夜時段，暫停監控（等待 30 分鐘）
🔄 [2026-03-14 10:56:58] [Daemon] 循環 #54
🔄 [2026-03-14 10:56:58] [Daemon] 循環 #54
============================================================
ℹ️ [2026-03-14 10:56:58] [Daemon] ⏰ 非深夜時段，暫停監控（等待 30 分鐘）
ℹ️ [2026-03-14 10:56:58] [Daemon] ⏰ 非深夜時段，暫停監控（等待 30 分鐘）
🔄 [2026-03-14 11:26:58] [Daemon] 循環 #55
🔄 [2026-03-14 11:26:58] [Daemon] 循環 #55
============================================================
ℹ️ [2026-03-14 11:26:58] [Daemon] ⏰ 非深夜時段，暫停監控（等待 30 分鐘）
ℹ️ [2026-03-14 11:26:58] [Daemon] ⏰ 非深夜時段，暫停監控（等待 30 分鐘）
🔄 [2026-03-14 11:56:58] [Daemon] 循環 #56
🔄 [2026-03-14 11:56:58] [Daemon] 循環 #56
============================================================
ℹ️ [2026-03-14 11:56:58] [Daemon] ⏰ 非深夜時段，暫停監控（等待 30 分鐘）
ℹ️ [2026-03-14 11:56:58] [Daemon] ⏰ 非深夜時段，暫停監控（等待 30 分鐘）
🔄 [2026-03-14 12:26:59] [Daemon] 循環 #57
🔄 [2026-03-14 12:26:59] [Daemon] 循環 #57
============================================================
ℹ️ [2026-03-14 12:26:59] [Daemon] ⏰ 非深夜時段，暫停監控（等待 30 分鐘）
ℹ️ [2026-03-14 12:26:59] [Daemon] ⏰ 非深夜時段，暫停監控（等待 30 分鐘）
🔄 [2026-03-14 12:56:59] [Daemon] 循環 #58
🔄 [2026-03-14 12:56:59] [Daemon] 循環 #58
============================================================
ℹ️ [2026-03-14 12:56:59] [Daemon] ⏰ 非深夜時段，暫停監控（等待 30 分鐘）
ℹ️ [2026-03-14 12:56:59] [Daemon] ⏰ 非深夜時段，暫停監控（等待 30 分鐘）
🔄 [2026-03-14 13:26:59] [Daemon] 循環 #59
🔄 [2026-03-14 13:26:59] [Daemon] 循環 #59
============================================================
ℹ️ [2026-03-14 13:26:59] [Daemon] ⏰ 非深夜時段，暫停監控（等待 30 分鐘）
ℹ️ [2026-03-14 13:26:59] [Daemon] ⏰ 非深夜時段，暫停監控（等待 30 分鐘）
🔄 [2026-03-14 13:56:59] [Daemon] 循環 #60
🔄 [2026-03-14 13:56:59] [Daemon] 循環 #60
============================================================
ℹ️ [2026-03-14 13:56:59] [Daemon] ⏰ 非深夜時段，暫停監控（等待 30 分鐘）
ℹ️ [2026-03-14 13:56:59] [Daemon] ⏰ 非深夜時段，暫停監控（等待 30 分鐘）
🔄 [2026-03-14 14:26:59] [Daemon] 循環 #61
🔄 [2026-03-14 14:26:59] [Daemon] 循環 #61
============================================================
ℹ️ [2026-03-14 14:26:59] [Daemon] ⏰ 非深夜時段，暫停監控（等待 30 分鐘）
ℹ️ [2026-03-14 14:26:59] [Daemon] ⏰ 非深夜時段，暫停監控（等待 30 分鐘）
🔄 [2026-03-14 14:56:59] [Daemon] 循環 #62
🔄 [2026-03-14 14:56:59] [Daemon] 循環 #62
============================================================
ℹ️ [2026-03-14 14:56:59] [Daemon] ⏰ 非深夜時段，暫停監控（等待 30 分鐘）
ℹ️ [2026-03-14 14:56:59] [Daemon] ⏰ 非深夜時段，暫停監控（等待 30 分鐘）
🔄 [2026-03-14 15:26:59] [Daemon] 循環 #63
🔄 [2026-03-14 15:26:59] [Daemon] 循環 #63
============================================================
ℹ️ [2026-03-14 15:26:59] [Daemon] ⏰ 非深夜時段，暫停監控（等待 30 分鐘）
ℹ️ [2026-03-14 15:26:59] [Daemon] ⏰ 非深夜時段，暫停監控（等待 30 分鐘）
🔄 [2026-03-14 15:56:59] [Daemon] 循環 #64
🔄 [2026-03-14 15:56:59] [Daemon] 循環 #64
============================================================
ℹ️ [2026-03-14 15:56:59] [Daemon] ⏰ 非深夜時段，暫停監控（等待 30 分鐘）
ℹ️ [2026-03-14 15:56:59] [Daemon] ⏰ 非深夜時段，暫停監控（等待 30 分鐘）
🔄 [2026-03-14 16:26:59] [Daemon] 循環 #65
🔄 [2026-03-14 16:26:59] [Daemon] 循環 #65
============================================================
ℹ️ [2026-03-14 16:26:59] [Daemon] ⏰ 非深夜時段，暫停監控（等待 30 分鐘）
ℹ️ [2026-03-14 16:26:59] [Daemon] ⏰ 非深夜時段，暫停監控（等待 30 分鐘）
🔄 [2026-03-14 16:56:59] [Daemon] 循環 #66
🔄 [2026-03-14 16:56:59] [Daemon] 循環 #66
============================================================
ℹ️ [2026-03-14 16:56:59] [Daemon] ⏰ 非深夜時段，暫停監控（等待 30 分鐘）
ℹ️ [2026-03-14 16:56:59] [Daemon] ⏰ 非深夜時段，暫停監控（等待 30 分鐘）
🔄 [2026-03-14 17:27:00] [Daemon] 循環 #67
🔄 [2026-03-14 17:27:00] [Daemon] 循環 #67
============================================================
ℹ️ [2026-03-14 17:27:00] [Daemon] ⏰ 非深夜時段，暫停監控（等待 30 分鐘）
ℹ️ [2026-03-14 17:27:00] [Daemon] ⏰ 非深夜時段，暫停監控（等待 30 分鐘）
🔄 [2026-03-14 17:57:00] [Daemon] 循環 #68
🔄 [2026-03-14 17:57:00] [Daemon] 循環 #68
============================================================
ℹ️ [2026-03-14 17:57:00] [Daemon] ⏰ 非深夜時段，暫停監控（等待 30 分鐘）
ℹ️ [2026-03-14 17:57:00] [Daemon] ⏰ 非深夜時段，暫停監控（等待 30 分鐘）
🔄 [2026-03-14 18:27:00] [Daemon] 循環 #69
🔄 [2026-03-14 18:27:00] [Daemon] 循環 #69
============================================================
ℹ️ [2026-03-14 18:27:00] [Daemon] ⏰ 非深夜時段，暫停監控（等待 30 分鐘）
ℹ️ [2026-03-14 18:27:00] [Daemon] ⏰ 非深夜時段，暫停監控（等待 30 分鐘）
🔄 [2026-03-14 18:57:00] [Daemon] 循環 #70
🔄 [2026-03-14 18:57:00] [Daemon] 循環 #70
============================================================
ℹ️ [2026-03-14 18:57:00] [Daemon] ⏰ 非深夜時段，暫停監控（等待 30 分鐘）
ℹ️ [2026-03-14 18:57:00] [Daemon] ⏰ 非深夜時段，暫停監控（等待 30 分鐘）
🔄 [2026-03-14 19:27:00] [Daemon] 循環 #71
🔄 [2026-03-14 19:27:00] [Daemon] 循環 #71
============================================================
ℹ️ [2026-03-14 19:27:00] [Daemon] ⏰ 非深夜時段，暫停監控（等待 30 分鐘）
ℹ️ [2026-03-14 19:27:00] [Daemon] ⏰ 非深夜時段，暫停監控（等待 30 分鐘）
🔄 [2026-03-14 19:57:00] [Daemon] 循環 #72
🔄 [2026-03-14 19:57:00] [Daemon] 循環 #72
============================================================
ℹ️ [2026-03-14 19:57:00] [Daemon] ⏰ 非深夜時段，暫停監控（等待 30 分鐘）
ℹ️ [2026-03-14 19:57:00] [Daemon] ⏰ 非深夜時段，暫停監控（等待 30 分鐘）
🔄 [2026-03-14 20:27:00] [Daemon] 循環 #73
🔄 [2026-03-14 20:27:00] [Daemon] 循環 #73
============================================================
ℹ️ [2026-03-14 20:27:00] [Daemon] ⏰ 非深夜時段，暫停監控（等待 30 分鐘）
ℹ️ [2026-03-14 20:27:00] [Daemon] ⏰ 非深夜時段，暫停監控（等待 30 分鐘）
🔄 [2026-03-14 20:57:00] [Daemon] 循環 #74
🔄 [2026-03-14 20:57:00] [Daemon] 循環 #74
============================================================
ℹ️ [2026-03-14 20:57:00] [Daemon] ⏰ 非深夜時段，暫停監控（等待 30 分鐘）
ℹ️ [2026-03-14 20:57:00] [Daemon] ⏰ 非深夜時段，暫停監控（等待 30 分鐘）
🔄 [2026-03-14 21:27:01] [Daemon] 循環 #75
🔄 [2026-03-14 21:27:01] [Daemon] 循環 #75
============================================================
ℹ️ [2026-03-14 21:27:01] [Daemon] ⏰ 非深夜時段，暫停監控（等待 30 分鐘）
ℹ️ [2026-03-14 21:27:01] [Daemon] ⏰ 非深夜時段，暫停監控（等待 30 分鐘）
🔄 [2026-03-14 21:57:01] [Daemon] 循環 #76
🔄 [2026-03-14 21:57:01] [Daemon] 循環 #76
============================================================
ℹ️ [2026-03-14 21:57:01] [Daemon] ⏰ 非深夜時段，暫停監控（等待 30 分鐘）
ℹ️ [2026-03-14 21:57:01] [Daemon] ⏰ 非深夜時段，暫停監控（等待 30 分鐘）
🔄 [2026-03-14 22:27:01] [Daemon] 循環 #77
🔄 [2026-03-14 22:27:01] [Daemon] 循環 #77
============================================================
ℹ️ [2026-03-14 22:27:01] [Daemon] ⏰ 非深夜時段，暫停監控（等待 30 分鐘）
ℹ️ [2026-03-14 22:27:01] [Daemon] ⏰ 非深夜時段，暫停監控（等待 30 分鐘）
🔄 [2026-03-14 22:57:01] [Daemon] 循環 #78
🔄 [2026-03-14 22:57:01] [Daemon] 循環 #78
============================================================
ℹ️ [2026-03-14 22:57:01] [Daemon] ⏰ 非深夜時段，暫停監控（等待 30 分鐘）
ℹ️ [2026-03-14 22:57:01] [Daemon] ⏰ 非深夜時段，暫停監控（等待 30 分鐘）
🔄 [2026-03-14 23:27:01] [Daemon] 循環 #79
🔄 [2026-03-14 23:27:01] [Daemon] 循環 #79
============================================================
ℹ️ [2026-03-14 23:27:01] [Daemon] Scout 檢查: 待辦=0 (閾值=5), 間隔=16291.378426766667分鐘 (最小=30分鐘)
ℹ️ [2026-03-14 23:27:01] [Daemon] Scout 檢查: 待辦=0 (閾值=5), 間隔=16291.378426766667分鐘 (最小=30分鐘)
🔄 [2026-03-14 23:27:01] [Daemon] 觸發 Scout 掃描...
🔄 [2026-03-14 23:27:01] [Daemon] 觸發 Scout 掃描...
🔍 [2026-03-14 23:27:01] [Daemon] 觸發 Scout 掃描...
🔍 [2026-03-14 23:27:01] [Daemon] 觸發 Scout 掃描...
✅ [2026-03-14 23:27:03] [Daemon] Scout 掃描完成
✅ [2026-03-14 23:27:03] [Daemon] Scout 掃描完成
⚠️ [2026-03-14 23:27:08] [Daemon] ⚠️ 連續 1 次空掃描（掃描前=0, 掃描後=0）
⚠️ [2026-03-14 23:27:08] [Daemon] ⚠️ 連續 1 次空掃描（掃描前=0, 掃描後=0）
ℹ️ [2026-03-14 23:27:08] [Daemon] 統計: Scout 掃描 85 次
ℹ️ [2026-03-14 23:27:08] [Daemon] 統計: Scout 掃描 85 次
🔄 [2026-03-14 23:27:08] [Daemon] 檢查並啟動任務...
🔄 [2026-03-14 23:27:08] [Daemon] 檢查並啟動任務...
ℹ️ [2026-03-14 23:27:08] [Daemon] 並發檢查: 運行中=0, 可用=4, 最大=4
ℹ️ [2026-03-14 23:27:08] [Daemon] 並發檢查: 運行中=0, 可用=4, 最大=4
ℹ️ [2026-03-14 23:27:08] [Daemon] 沒有可啟動的任務
ℹ️ [2026-03-14 23:27:08] [Daemon] 沒有可啟動的任務
🔄 [2026-03-14 23:27:08] [Daemon] 等待 5 分鐘後繼續...
🔄 [2026-03-14 23:27:08] [Daemon] 等待 5 分鐘後繼續...
============================================================
🔄 [2026-03-14 23:32:08] [Daemon] 循環 #80
🔄 [2026-03-14 23:32:08] [Daemon] 循環 #80
============================================================
ℹ️ [2026-03-14 23:32:08] [Daemon] Scout 檢查: 待辦=0 (閾值=5), 間隔=16296.490750033332分鐘 (最小=30分鐘)
ℹ️ [2026-03-14 23:32:08] [Daemon] Scout 檢查: 待辦=0 (閾值=5), 間隔=16296.490750033332分鐘 (最小=30分鐘)
🔄 [2026-03-14 23:32:08] [Daemon] 觸發 Scout 掃描...
🔄 [2026-03-14 23:32:08] [Daemon] 觸發 Scout 掃描...
🔍 [2026-03-14 23:32:08] [Daemon] 觸發 Scout 掃描...
🔍 [2026-03-14 23:32:08] [Daemon] 觸發 Scout 掃描...
✅ [2026-03-14 23:32:09] [Daemon] Scout 掃描完成
✅ [2026-03-14 23:32:09] [Daemon] Scout 掃描完成
⚠️ [2026-03-14 23:32:14] [Daemon] ⚠️ 連續 2 次空掃描（掃描前=0, 掃描後=0）
⚠️ [2026-03-14 23:32:14] [Daemon] ⚠️ 連續 2 次空掃描（掃描前=0, 掃描後=0）
ℹ️ [2026-03-14 23:32:14] [Daemon] 統計: Scout 掃描 86 次
ℹ️ [2026-03-14 23:32:14] [Daemon] 統計: Scout 掃描 86 次
🔄 [2026-03-14 23:32:14] [Daemon] 檢查並啟動任務...
🔄 [2026-03-14 23:32:14] [Daemon] 檢查並啟動任務...
ℹ️ [2026-03-14 23:32:14] [Daemon] 並發檢查: 運行中=0, 可用=4, 最大=4
ℹ️ [2026-03-14 23:32:14] [Daemon] 並發檢查: 運行中=0, 可用=4, 最大=4
ℹ️ [2026-03-14 23:32:14] [Daemon] 沒有可啟動的任務
ℹ️ [2026-03-14 23:32:14] [Daemon] 沒有可啟動的任務
🔄 [2026-03-14 23:32:14] [Daemon] 等待 5 分鐘後繼續...
🔄 [2026-03-14 23:32:14] [Daemon] 等待 5 分鐘後繼續...
============================================================
🔄 [2026-03-14 23:37:14] [Daemon] 循環 #81
🔄 [2026-03-14 23:37:14] [Daemon] 循環 #81
============================================================
ℹ️ [2026-03-14 23:37:14] [Daemon] Scout 檢查: 待辦=0 (閾值=5), 間隔=16301.59787535分鐘 (最小=30分鐘)
ℹ️ [2026-03-14 23:37:14] [Daemon] Scout 檢查: 待辦=0 (閾值=5), 間隔=16301.59787535分鐘 (最小=30分鐘)
🔄 [2026-03-14 23:37:14] [Daemon] 觸發 Scout 掃描...
🔄 [2026-03-14 23:37:14] [Daemon] 觸發 Scout 掃描...
🔍 [2026-03-14 23:37:14] [Daemon] 觸發 Scout 掃描...
🔍 [2026-03-14 23:37:14] [Daemon] 觸發 Scout 掃描...
✅ [2026-03-14 23:37:16] [Daemon] Scout 掃描完成
✅ [2026-03-14 23:37:16] [Daemon] Scout 掃描完成
⚠️ [2026-03-14 23:37:21] [Daemon] ⚠️ 連續 3 次空掃描（掃描前=0, 掃描後=0）
⚠️ [2026-03-14 23:37:21] [Daemon] ⚠️ 連續 3 次空掃描（掃描前=0, 掃描後=0）
ℹ️ [2026-03-14 23:37:21] [Daemon] ⏸️  達到最大空掃描次數 (3)，暫停 30 分鐘
ℹ️ [2026-03-14 23:37:21] [Daemon] ⏸️  達到最大空掃描次數 (3)，暫停 30 分鐘
🔄 [2026-03-15 00:07:21] [Daemon] 循環 #82
🔄 [2026-03-15 00:07:21] [Daemon] 循環 #82
============================================================
ℹ️ [2026-03-15 00:07:21] [Daemon] Scout 檢查: 待辦=0 (閾值=5), 間隔=16331.707116116666分鐘 (最小=30分鐘)
ℹ️ [2026-03-15 00:07:21] [Daemon] Scout 檢查: 待辦=0 (閾值=5), 間隔=16331.707116116666分鐘 (最小=30分鐘)
🔄 [2026-03-15 00:07:21] [Daemon] 觸發 Scout 掃描...
🔄 [2026-03-15 00:07:21] [Daemon] 觸發 Scout 掃描...
🔍 [2026-03-15 00:07:21] [Daemon] 觸發 Scout 掃描...
🔍 [2026-03-15 00:07:21] [Daemon] 觸發 Scout 掃描...
✅ [2026-03-15 00:07:22] [Daemon] Scout 掃描完成
✅ [2026-03-15 00:07:22] [Daemon] Scout 掃描完成
⚠️ [2026-03-15 00:07:27] [Daemon] ⚠️ 連續 1 次空掃描（掃描前=0, 掃描後=0）
⚠️ [2026-03-15 00:07:27] [Daemon] ⚠️ 連續 1 次空掃描（掃描前=0, 掃描後=0）
ℹ️ [2026-03-15 00:07:27] [Daemon] 統計: Scout 掃描 87 次
ℹ️ [2026-03-15 00:07:27] [Daemon] 統計: Scout 掃描 87 次
🔄 [2026-03-15 00:07:27] [Daemon] 檢查並啟動任務...
🔄 [2026-03-15 00:07:27] [Daemon] 檢查並啟動任務...
ℹ️ [2026-03-15 00:07:27] [Daemon] 並發檢查: 運行中=0, 可用=4, 最大=4
ℹ️ [2026-03-15 00:07:27] [Daemon] 並發檢查: 運行中=0, 可用=4, 最大=4
ℹ️ [2026-03-15 00:07:27] [Daemon] 沒有可啟動的任務
ℹ️ [2026-03-15 00:07:27] [Daemon] 沒有可啟動的任務
🔄 [2026-03-15 00:07:27] [Daemon] 等待 5 分鐘後繼續...
🔄 [2026-03-15 00:07:27] [Daemon] 等待 5 分鐘後繼續...
============================================================
🔄 [2026-03-15 00:12:27] [Daemon] 循環 #83
🔄 [2026-03-15 00:12:27] [Daemon] 循環 #83
============================================================
ℹ️ [2026-03-15 00:12:27] [Daemon] Scout 檢查: 待辦=0 (閾值=5), 間隔=16336.814803383333分鐘 (最小=30分鐘)
ℹ️ [2026-03-15 00:12:27] [Daemon] Scout 檢查: 待辦=0 (閾值=5), 間隔=16336.814803383333分鐘 (最小=30分鐘)
🔄 [2026-03-15 00:12:27] [Daemon] 觸發 Scout 掃描...
🔄 [2026-03-15 00:12:27] [Daemon] 觸發 Scout 掃描...
🔍 [2026-03-15 00:12:27] [Daemon] 觸發 Scout 掃描...
🔍 [2026-03-15 00:12:27] [Daemon] 觸發 Scout 掃描...
✅ [2026-03-15 00:12:29] [Daemon] Scout 掃描完成
✅ [2026-03-15 00:12:29] [Daemon] Scout 掃描完成
⚠️ [2026-03-15 00:12:34] [Daemon] ⚠️ 連續 2 次空掃描（掃描前=0, 掃描後=0）
⚠️ [2026-03-15 00:12:34] [Daemon] ⚠️ 連續 2 次空掃描（掃描前=0, 掃描後=0）
ℹ️ [2026-03-15 00:12:34] [Daemon] 統計: Scout 掃描 88 次
ℹ️ [2026-03-15 00:12:34] [Daemon] 統計: Scout 掃描 88 次
🔄 [2026-03-15 00:12:34] [Daemon] 檢查並啟動任務...
🔄 [2026-03-15 00:12:34] [Daemon] 檢查並啟動任務...
ℹ️ [2026-03-15 00:12:34] [Daemon] 並發檢查: 運行中=0, 可用=4, 最大=4
ℹ️ [2026-03-15 00:12:34] [Daemon] 並發檢查: 運行中=0, 可用=4, 最大=4
ℹ️ [2026-03-15 00:12:34] [Daemon] 沒有可啟動的任務
ℹ️ [2026-03-15 00:12:34] [Daemon] 沒有可啟動的任務
🔄 [2026-03-15 00:12:34] [Daemon] 等待 5 分鐘後繼續...
🔄 [2026-03-15 00:12:34] [Daemon] 等待 5 分鐘後繼續...
============================================================
🔄 [2026-03-15 00:17:34] [Daemon] 循環 #84
🔄 [2026-03-15 00:17:34] [Daemon] 循環 #84
============================================================
ℹ️ [2026-03-15 00:17:34] [Daemon] Scout 檢查: 待辦=0 (閾值=5), 間隔=16341.9315419分鐘 (最小=30分鐘)
ℹ️ [2026-03-15 00:17:34] [Daemon] Scout 檢查: 待辦=0 (閾值=5), 間隔=16341.9315419分鐘 (最小=30分鐘)
🔄 [2026-03-15 00:17:34] [Daemon] 觸發 Scout 掃描...
🔄 [2026-03-15 00:17:34] [Daemon] 觸發 Scout 掃描...
🔍 [2026-03-15 00:17:34] [Daemon] 觸發 Scout 掃描...
🔍 [2026-03-15 00:17:34] [Daemon] 觸發 Scout 掃描...
✅ [2026-03-15 00:17:36] [Daemon] Scout 掃描完成
✅ [2026-03-15 00:17:36] [Daemon] Scout 掃描完成
⚠️ [2026-03-15 00:17:41] [Daemon] ⚠️ 連續 3 次空掃描（掃描前=0, 掃描後=0）
⚠️ [2026-03-15 00:17:41] [Daemon] ⚠️ 連續 3 次空掃描（掃描前=0, 掃描後=0）
ℹ️ [2026-03-15 00:17:41] [Daemon] ⏸️  達到最大空掃描次數 (3)，暫停 30 分鐘
ℹ️ [2026-03-15 00:17:41] [Daemon] ⏸️  達到最大空掃描次數 (3)，暫停 30 分鐘
🔄 [2026-03-15 00:47:41] [Daemon] 循環 #85
🔄 [2026-03-15 00:47:41] [Daemon] 循環 #85
============================================================
ℹ️ [2026-03-15 00:47:41] [Daemon] Scout 檢查: 待辦=0 (閾值=5), 間隔=16372.041614049998分鐘 (最小=30分鐘)
ℹ️ [2026-03-15 00:47:41] [Daemon] Scout 檢查: 待辦=0 (閾值=5), 間隔=16372.041614049998分鐘 (最小=30分鐘)
🔄 [2026-03-15 00:47:41] [Daemon] 觸發 Scout 掃描...
🔄 [2026-03-15 00:47:41] [Daemon] 觸發 Scout 掃描...
🔍 [2026-03-15 00:47:41] [Daemon] 觸發 Scout 掃描...
🔍 [2026-03-15 00:47:41] [Daemon] 觸發 Scout 掃描...
✅ [2026-03-15 00:47:42] [Daemon] Scout 掃描完成
✅ [2026-03-15 00:47:42] [Daemon] Scout 掃描完成
⚠️ [2026-03-15 00:47:47] [Daemon] ⚠️ 連續 1 次空掃描（掃描前=0, 掃描後=0）
⚠️ [2026-03-15 00:47:47] [Daemon] ⚠️ 連續 1 次空掃描（掃描前=0, 掃描後=0）
ℹ️ [2026-03-15 00:47:47] [Daemon] 統計: Scout 掃描 89 次
ℹ️ [2026-03-15 00:47:47] [Daemon] 統計: Scout 掃描 89 次
🔄 [2026-03-15 00:47:47] [Daemon] 檢查並啟動任務...
🔄 [2026-03-15 00:47:47] [Daemon] 檢查並啟動任務...
ℹ️ [2026-03-15 00:47:47] [Daemon] 並發檢查: 運行中=0, 可用=4, 最大=4
ℹ️ [2026-03-15 00:47:47] [Daemon] 並發檢查: 運行中=0, 可用=4, 最大=4
ℹ️ [2026-03-15 00:47:47] [Daemon] 沒有可啟動的任務
ℹ️ [2026-03-15 00:47:47] [Daemon] 沒有可啟動的任務
🔄 [2026-03-15 00:47:47] [Daemon] 等待 5 分鐘後繼續...
🔄 [2026-03-15 00:47:47] [Daemon] 等待 5 分鐘後繼續...
============================================================
🔄 [2026-03-15 00:52:47] [Daemon] 循環 #86
🔄 [2026-03-15 00:52:47] [Daemon] 循環 #86
============================================================
ℹ️ [2026-03-15 00:52:48] [Daemon] Scout 檢查: 待辦=0 (閾值=5), 間隔=16377.150431099999分鐘 (最小=30分鐘)
ℹ️ [2026-03-15 00:52:48] [Daemon] Scout 檢查: 待辦=0 (閾值=5), 間隔=16377.150431099999分鐘 (最小=30分鐘)
🔄 [2026-03-15 00:52:48] [Daemon] 觸發 Scout 掃描...
🔄 [2026-03-15 00:52:48] [Daemon] 觸發 Scout 掃描...
🔍 [2026-03-15 00:52:48] [Daemon] 觸發 Scout 掃描...
🔍 [2026-03-15 00:52:48] [Daemon] 觸發 Scout 掃描...
✅ [2026-03-15 00:52:49] [Daemon] Scout 掃描完成
✅ [2026-03-15 00:52:49] [Daemon] Scout 掃描完成
⚠️ [2026-03-15 00:52:54] [Daemon] ⚠️ 連續 2 次空掃描（掃描前=0, 掃描後=0）
⚠️ [2026-03-15 00:52:54] [Daemon] ⚠️ 連續 2 次空掃描（掃描前=0, 掃描後=0）
ℹ️ [2026-03-15 00:52:54] [Daemon] 統計: Scout 掃描 90 次
ℹ️ [2026-03-15 00:52:54] [Daemon] 統計: Scout 掃描 90 次
🔄 [2026-03-15 00:52:54] [Daemon] 檢查並啟動任務...
🔄 [2026-03-15 00:52:54] [Daemon] 檢查並啟動任務...
ℹ️ [2026-03-15 00:52:54] [Daemon] 並發檢查: 運行中=0, 可用=4, 最大=4
ℹ️ [2026-03-15 00:52:54] [Daemon] 並發檢查: 運行中=0, 可用=4, 最大=4
ℹ️ [2026-03-15 00:52:54] [Daemon] 沒有可啟動的任務
ℹ️ [2026-03-15 00:52:54] [Daemon] 沒有可啟動的任務
🔄 [2026-03-15 00:52:54] [Daemon] 等待 5 分鐘後繼續...
🔄 [2026-03-15 00:52:54] [Daemon] 等待 5 分鐘後繼續...
============================================================
🔄 [2026-03-15 00:57:54] [Daemon] 循環 #87
🔄 [2026-03-15 00:57:54] [Daemon] 循環 #87
============================================================
ℹ️ [2026-03-15 00:57:54] [Daemon] Scout 檢查: 待辦=0 (閾值=5), 間隔=16382.261508283333分鐘 (最小=30分鐘)
ℹ️ [2026-03-15 00:57:54] [Daemon] Scout 檢查: 待辦=0 (閾值=5), 間隔=16382.261508283333分鐘 (最小=30分鐘)
🔄 [2026-03-15 00:57:54] [Daemon] 觸發 Scout 掃描...
🔄 [2026-03-15 00:57:54] [Daemon] 觸發 Scout 掃描...
🔍 [2026-03-15 00:57:54] [Daemon] 觸發 Scout 掃描...
🔍 [2026-03-15 00:57:54] [Daemon] 觸發 Scout 掃描...
✅ [2026-03-15 00:57:56] [Daemon] Scout 掃描完成
✅ [2026-03-15 00:57:56] [Daemon] Scout 掃描完成
⚠️ [2026-03-15 00:58:01] [Daemon] ⚠️ 連續 3 次空掃描（掃描前=0, 掃描後=0）
⚠️ [2026-03-15 00:58:01] [Daemon] ⚠️ 連續 3 次空掃描（掃描前=0, 掃描後=0）
ℹ️ [2026-03-15 00:58:01] [Daemon] ⏸️  達到最大空掃描次數 (3)，暫停 30 分鐘
ℹ️ [2026-03-15 00:58:01] [Daemon] ⏸️  達到最大空掃描次數 (3)，暫停 30 分鐘
🔄 [2026-03-15 01:28:01] [Daemon] 循環 #88
🔄 [2026-03-15 01:28:01] [Daemon] 循環 #88
============================================================
ℹ️ [2026-03-15 01:28:01] [Daemon] Scout 檢查: 待辦=0 (閾值=5), 間隔=16412.37030503333分鐘 (最小=30分鐘)
ℹ️ [2026-03-15 01:28:01] [Daemon] Scout 檢查: 待辦=0 (閾值=5), 間隔=16412.37030503333分鐘 (最小=30分鐘)
🔄 [2026-03-15 01:28:01] [Daemon] 觸發 Scout 掃描...
🔄 [2026-03-15 01:28:01] [Daemon] 觸發 Scout 掃描...
🔍 [2026-03-15 01:28:01] [Daemon] 觸發 Scout 掃描...
🔍 [2026-03-15 01:28:01] [Daemon] 觸發 Scout 掃描...
✅ [2026-03-15 01:28:02] [Daemon] Scout 掃描完成
✅ [2026-03-15 01:28:02] [Daemon] Scout 掃描完成
⚠️ [2026-03-15 01:28:07] [Daemon] ⚠️ 連續 1 次空掃描（掃描前=0, 掃描後=0）
⚠️ [2026-03-15 01:28:07] [Daemon] ⚠️ 連續 1 次空掃描（掃描前=0, 掃描後=0）
ℹ️ [2026-03-15 01:28:07] [Daemon] 統計: Scout 掃描 91 次
ℹ️ [2026-03-15 01:28:07] [Daemon] 統計: Scout 掃描 91 次
🔄 [2026-03-15 01:28:07] [Daemon] 檢查並啟動任務...
🔄 [2026-03-15 01:28:07] [Daemon] 檢查並啟動任務...
ℹ️ [2026-03-15 01:28:07] [Daemon] 並發檢查: 運行中=0, 可用=4, 最大=4
ℹ️ [2026-03-15 01:28:07] [Daemon] 並發檢查: 運行中=0, 可用=4, 最大=4
ℹ️ [2026-03-15 01:28:07] [Daemon] 沒有可啟動的任務
ℹ️ [2026-03-15 01:28:07] [Daemon] 沒有可啟動的任務
🔄 [2026-03-15 01:28:07] [Daemon] 等待 5 分鐘後繼續...
🔄 [2026-03-15 01:28:07] [Daemon] 等待 5 分鐘後繼續...
============================================================
🔄 [2026-03-15 01:33:07] [Daemon] 循環 #89
🔄 [2026-03-15 01:33:07] [Daemon] 循環 #89
============================================================
ℹ️ [2026-03-15 01:33:07] [Daemon] Scout 檢查: 待辦=0 (閾值=5), 間隔=16417.4813349分鐘 (最小=30分鐘)
ℹ️ [2026-03-15 01:33:07] [Daemon] Scout 檢查: 待辦=0 (閾值=5), 間隔=16417.4813349分鐘 (最小=30分鐘)
🔄 [2026-03-15 01:33:07] [Daemon] 觸發 Scout 掃描...
🔄 [2026-03-15 01:33:07] [Daemon] 觸發 Scout 掃描...
🔍 [2026-03-15 01:33:07] [Daemon] 觸發 Scout 掃描...
🔍 [2026-03-15 01:33:07] [Daemon] 觸發 Scout 掃描...
✅ [2026-03-15 01:33:09] [Daemon] Scout 掃描完成
✅ [2026-03-15 01:33:09] [Daemon] Scout 掃描完成
⚠️ [2026-03-15 01:33:14] [Daemon] ⚠️ 連續 2 次空掃描（掃描前=0, 掃描後=0）
⚠️ [2026-03-15 01:33:14] [Daemon] ⚠️ 連續 2 次空掃描（掃描前=0, 掃描後=0）
ℹ️ [2026-03-15 01:33:14] [Daemon] 統計: Scout 掃描 92 次
ℹ️ [2026-03-15 01:33:14] [Daemon] 統計: Scout 掃描 92 次
🔄 [2026-03-15 01:33:14] [Daemon] 檢查並啟動任務...
🔄 [2026-03-15 01:33:14] [Daemon] 檢查並啟動任務...
ℹ️ [2026-03-15 01:33:14] [Daemon] 並發檢查: 運行中=0, 可用=4, 最大=4
ℹ️ [2026-03-15 01:33:14] [Daemon] 並發檢查: 運行中=0, 可用=4, 最大=4
ℹ️ [2026-03-15 01:33:14] [Daemon] 沒有可啟動的任務
ℹ️ [2026-03-15 01:33:14] [Daemon] 沒有可啟動的任務
🔄 [2026-03-15 01:33:14] [Daemon] 等待 5 分鐘後繼續...
🔄 [2026-03-15 01:33:14] [Daemon] 等待 5 分鐘後繼續...
============================================================
🔄 [2026-03-15 01:38:14] [Daemon] 循環 #90
🔄 [2026-03-15 01:38:14] [Daemon] 循環 #90
============================================================
ℹ️ [2026-03-15 01:38:14] [Daemon] Scout 檢查: 待辦=0 (閾值=5), 間隔=16422.587821083333分鐘 (最小=30分鐘)
ℹ️ [2026-03-15 01:38:14] [Daemon] Scout 檢查: 待辦=0 (閾值=5), 間隔=16422.587821083333分鐘 (最小=30分鐘)
🔄 [2026-03-15 01:38:14] [Daemon] 觸發 Scout 掃描...
🔄 [2026-03-15 01:38:14] [Daemon] 觸發 Scout 掃描...
🔍 [2026-03-15 01:38:14] [Daemon] 觸發 Scout 掃描...
🔍 [2026-03-15 01:38:14] [Daemon] 觸發 Scout 掃描...
✅ [2026-03-15 01:38:15] [Daemon] Scout 掃描完成
✅ [2026-03-15 01:38:15] [Daemon] Scout 掃描完成
⚠️ [2026-03-15 01:38:20] [Daemon] ⚠️ 連續 3 次空掃描（掃描前=0, 掃描後=0）
⚠️ [2026-03-15 01:38:20] [Daemon] ⚠️ 連續 3 次空掃描（掃描前=0, 掃描後=0）
ℹ️ [2026-03-15 01:38:20] [Daemon] ⏸️  達到最大空掃描次數 (3)，暫停 30 分鐘
ℹ️ [2026-03-15 01:38:20] [Daemon] ⏸️  達到最大空掃描次數 (3)，暫停 30 分鐘
🔄 [2026-03-15 02:08:20] [Daemon] 循環 #91
🔄 [2026-03-15 02:08:20] [Daemon] 循環 #91
============================================================
❌ [2026-03-15 02:08:20] [Daemon] 守護進程錯誤: 'str' object has no attribute 'get'
❌ [2026-03-15 02:08:20] [Daemon] 守護進程錯誤: 'str' object has no attribute 'get'
🔄 [2026-03-15 02:08:20] [Daemon] 守護進程已退出
🔄 [2026-03-15 02:08:20] [Daemon] 守護進程已退出
