2026-03-04 19:05:05,836 [INFO] ============================================================
2026-03-04 19:05:05,836 [INFO] 🗜️ 記憶壓縮開始
2026-03-04 19:05:05,836 [INFO] ============================================================
2026-03-04 19:05:05,836 [INFO] ⚠️ Dry run 模式，不會修改文件
2026-03-04 19:05:05,836 [INFO] 
📁 壓縮日記憶文件...
2026-03-04 19:05:05,838 [ERROR] 壓縮 2026-02-16.md 時出錯: can't compare offset-naive and offset-aware datetimes
2026-03-04 19:05:05,838 [ERROR] 壓縮 2026-02-17.md 時出錯: can't compare offset-naive and offset-aware datetimes
2026-03-04 19:05:05,838 [ERROR] 壓縮 2026-02-19-compressed.md 時出錯: unconverted data remains: -compressed
2026-03-04 19:05:05,839 [ERROR] 壓縮 2026-02-19.md 時出錯: can't compare offset-naive and offset-aware datetimes
2026-03-04 19:05:05,839 [ERROR] 壓縮 2026-02-20-compressed.md 時出錯: unconverted data remains: -compressed
2026-03-04 19:05:05,840 [ERROR] 壓縮 2026-02-20-research-topics.md 時出錯: unconverted data remains: -research-topics
2026-03-04 19:05:05,840 [ERROR] 壓縮 2026-02-20.md 時出錯: can't compare offset-naive and offset-aware datetimes
2026-03-04 19:05:05,840 [ERROR] 壓縮 2026-02-21.md 時出錯: can't compare offset-naive and offset-aware datetimes
2026-03-04 19:05:05,840 [ERROR] 壓縮 2026-02-22.md 時出錯: can't compare offset-naive and offset-aware datetimes
2026-03-04 19:05:05,840 [ERROR] 壓縮 2026-02-23.md 時出錯: can't compare offset-naive and offset-aware datetimes
2026-03-04 19:05:05,840 [ERROR] 壓縮 2026-02-24.md 時出錯: can't compare offset-naive and offset-aware datetimes
2026-03-04 19:05:05,840 [ERROR] 壓縮 2026-02-26.md 時出錯: can't compare offset-naive and offset-aware datetimes
2026-03-04 19:05:05,840 [ERROR] 壓縮 2026-02-27.md 時出錯: can't compare offset-naive and offset-aware datetimes
2026-03-04 19:05:05,840 [ERROR] 壓縮 2026-02-28.md 時出錯: can't compare offset-naive and offset-aware datetimes
2026-03-04 19:05:05,840 [ERROR] 壓縮 2026-03-01.md 時出錯: can't compare offset-naive and offset-aware datetimes
2026-03-04 19:05:05,840 [ERROR] 壓縮 2026-03-02.md 時出錯: can't compare offset-naive and offset-aware datetimes
2026-03-04 19:05:05,840 [ERROR] 壓縮 2026-03-03.md 時出錯: can't compare offset-naive and offset-aware datetimes
2026-03-04 19:05:05,840 [ERROR] 壓縮 2026-03-04-stage2.md 時出錯: unconverted data remains: -stage2
2026-03-04 19:05:05,840 [ERROR] 壓縮 2026-03-04.md 時出錯: can't compare offset-naive and offset-aware datetimes
2026-03-04 19:05:05,840 [ERROR] 壓縮 202602-20.md 時出錯: time data '202602-20' does not match format '%Y-%m-%d'
2026-03-04 19:05:05,840 [ERROR] 壓縮 trajectory_fat-tail_analysis_20260221_020041.md 時出錯: time data 'trajectory_fat-tail_analysis_20260221_020041' does not match format '%Y-%m-%d'
2026-03-04 19:05:05,840 [INFO] 
📄 壓縮主記憶文件...
2026-03-04 19:05:06,055 [INFO] MEMORY.md 無需壓縮
2026-03-04 19:05:06,055 [INFO] 
🗑️ 清理舊備份...
2026-03-04 19:05:06,055 [INFO] 
============================================================
2026-03-04 19:05:06,055 [INFO] 📊 壓縮摘要
2026-03-04 19:05:06,055 [INFO] ============================================================
2026-03-04 19:05:06,055 [INFO] 原始大小: 7,792 字節
2026-03-04 19:05:06,055 [INFO] 壓縮後大小: 7,724 字節
2026-03-04 19:05:06,055 [INFO] 節省空間: 68 字節
2026-03-04 19:05:06,055 [INFO] 壓縮率: 0.9%
2026-03-04 19:05:06,055 [INFO] 壓縮文件數: 0
2026-03-04 19:05:06,055 [INFO] 移除行數: 0
2026-03-04 19:05:06,055 [INFO] 備份大小: 0 字節
2026-03-04 19:05:06,055 [INFO] ============================================================
2026-03-04 19:05:16,817 [INFO] ============================================================
2026-03-04 19:05:16,817 [INFO] 🗜️ 記憶壓縮開始
2026-03-04 19:05:16,817 [INFO] ============================================================
2026-03-04 19:05:16,817 [INFO] ⚠️ Dry run 模式，不會修改文件
2026-03-04 19:05:16,817 [INFO] 
📁 壓縮日記憶文件...
2026-03-04 19:05:16,820 [INFO] 跳過 2026-02-16.md: 無需壓縮
2026-03-04 19:05:16,970 [INFO] 跳過 2026-02-17.md: 無需壓縮
2026-03-04 19:05:16,970 [INFO] 跳過非標準格式: 2026-02-19-compressed.md
2026-03-04 19:05:23,926 [INFO] 跳過 2026-02-19.md: 無需壓縮
2026-03-04 19:05:23,926 [INFO] 跳過非標準格式: 2026-02-20-compressed.md
2026-03-04 19:05:23,926 [INFO] 跳過非標準格式: 2026-02-20-research-topics.md
2026-03-04 19:05:42,057 [INFO] ============================================================
2026-03-04 19:05:42,057 [INFO] 🗜️ 記憶壓縮開始
2026-03-04 19:05:42,057 [INFO] ============================================================
2026-03-04 19:05:42,057 [INFO] 
📁 壓縮日記憶文件...
2026-03-04 19:05:42,059 [INFO] ✅ 備份: 2026-02-16.md -> 2026-02-16_20260304_190542.md
2026-03-04 19:05:42,059 [INFO] 跳過 2026-02-16.md: 無需壓縮
2026-03-04 19:05:42,060 [INFO] ✅ 備份: 2026-02-17.md -> 2026-02-17_20260304_190542.md
2026-03-04 19:05:42,211 [INFO] ✅ 壓縮 2026-02-17.md: 移除 10 行, 節省 49 字節
2026-03-04 19:05:42,211 [INFO] 跳過非標準格式: 2026-02-19-compressed.md
2026-03-04 19:05:42,211 [INFO] ✅ 備份: 2026-02-19.md -> 2026-02-19_20260304_190542.md
2026-03-04 19:05:49,343 [INFO] ✅ 壓縮 2026-02-19.md: 移除 316 行, 節省 5124 字節
2026-03-04 19:05:49,343 [INFO] 跳過非標準格式: 2026-02-20-compressed.md
2026-03-04 19:05:49,343 [INFO] 跳過非標準格式: 2026-02-20-research-topics.md
2026-03-04 19:05:49,343 [INFO] ✅ 備份: 2026-02-20.md -> 2026-02-20_20260304_190549.md
2026-03-04 19:06:38,448 [INFO] ============================================================
2026-03-04 19:06:38,448 [INFO] 🗜️ 記憶壓縮開始
2026-03-04 19:06:38,448 [INFO] ============================================================
2026-03-04 19:06:38,448 [INFO] 
📁 跳過日記憶文件壓縮
2026-03-04 19:06:38,448 [INFO] 
📄 壓縮主記憶文件...
2026-03-04 19:06:38,449 [INFO] ✅ 備份: MEMORY.md -> MEMORY_20260304_190638.md
2026-03-04 19:06:46,879 [INFO] ============================================================
2026-03-04 19:06:46,880 [INFO] 🗜️ 記憶壓縮開始
2026-03-04 19:06:46,880 [INFO] ============================================================
2026-03-04 19:06:46,880 [INFO] 
📁 跳過日記憶文件壓縮
2026-03-04 19:06:46,880 [INFO] 
📄 壓縮主記憶文件...
2026-03-04 19:06:46,880 [INFO] ✅ 備份: MEMORY.md -> MEMORY_20260304_190646.md
2026-03-04 19:06:46,880 [INFO] MEMORY.md 無需壓縮
2026-03-04 19:06:46,880 [INFO] 
============================================================
2026-03-04 19:06:46,880 [INFO] 📊 壓縮摘要
2026-03-04 19:06:46,880 [INFO] ============================================================
2026-03-04 19:06:46,880 [INFO] 原始大小: 7,724 字節
2026-03-04 19:06:46,880 [INFO] 壓縮後大小: 7,724 字節
2026-03-04 19:06:46,880 [INFO] 節省空間: 0 字節
2026-03-04 19:06:46,880 [INFO] 壓縮率: 0.0%
2026-03-04 19:06:46,880 [INFO] 壓縮文件數: 0
2026-03-04 19:06:46,880 [INFO] 移除行數: 0
2026-03-04 19:06:46,880 [INFO] 備份大小: 0 字節
2026-03-04 19:06:46,881 [INFO] ============================================================
